   420	nobu <nobu@b2dd03c8-39d4-4d8f-98ff-823fe69b080e>
   350	eban <eban@b2dd03c8-39d4-4d8f-98ff-823fe69b080e>
   301	matz <matz@b2dd03c8-39d4-4d8f-98ff-823fe69b080e>
   100	usa <usa@b2dd03c8-39d4-4d8f-98ff-823fe69b080e>
    97	nagai <nagai@b2dd03c8-39d4-4d8f-98ff-823fe69b080e>
    86	nahi <nahi@b2dd03c8-39d4-4d8f-98ff-823fe69b080e>
    85	aamine <aamine@b2dd03c8-39d4-4d8f-98ff-823fe69b080e>
    78	akr <akr@b2dd03c8-39d4-4d8f-98ff-823fe69b080e>
    73	gotoyuzo <gotoyuzo@b2dd03c8-39d4-4d8f-98ff-823fe69b080e>
    68	shigek <shigek@b2dd03c8-39d4-4d8f-98ff-823fe69b080e>
    50	dave <dave@b2dd03c8-39d4-4d8f-98ff-823fe69b080e>
    50	knu <knu@b2dd03c8-39d4-4d8f-98ff-823fe69b080e>
    45	why <why@b2dd03c8-39d4-4d8f-98ff-823fe69b080e>
    36	gsinclair <gsinclair@b2dd03c8-39d4-4d8f-98ff-823fe69b080e>
    30	seki <seki@b2dd03c8-39d4-4d8f-98ff-823fe69b080e>
    24	ntalbott <ntalbott@b2dd03c8-39d4-4d8f-98ff-823fe69b080e>
    19	shugo <shugo@b2dd03c8-39d4-4d8f-98ff-823fe69b080e>
    14	uema2 <uema2@b2dd03c8-39d4-4d8f-98ff-823fe69b080e>
    10	akira <akira@b2dd03c8-39d4-4d8f-98ff-823fe69b080e>
     9	ser <ser@b2dd03c8-39d4-4d8f-98ff-823fe69b080e>
     9	ttate <ttate@b2dd03c8-39d4-4d8f-98ff-823fe69b080e>
     7	katsu <katsu@b2dd03c8-39d4-4d8f-98ff-823fe69b080e>
     6	michal <michal@b2dd03c8-39d4-4d8f-98ff-823fe69b080e>
     6	tadf <tadf@b2dd03c8-39d4-4d8f-98ff-823fe69b080e>
     5	dblack <dblack@b2dd03c8-39d4-4d8f-98ff-823fe69b080e>
     5	wew <wew@b2dd03c8-39d4-4d8f-98ff-823fe69b080e>
     4	keiju <keiju@b2dd03c8-39d4-4d8f-98ff-823fe69b080e>
     3	akiyoshi <akiyoshi@b2dd03c8-39d4-4d8f-98ff-823fe69b080e>
     3	mneumann <mneumann@b2dd03c8-39d4-4d8f-98ff-823fe69b080e>
     3	suke <suke@b2dd03c8-39d4-4d8f-98ff-823fe69b080e>
