   331	nobu <nobu@b2dd03c8-39d4-4d8f-98ff-823fe69b080e>
   300	eban <eban@b2dd03c8-39d4-4d8f-98ff-823fe69b080e>
   168	matz <matz@b2dd03c8-39d4-4d8f-98ff-823fe69b080e>
   117	usa <usa@b2dd03c8-39d4-4d8f-98ff-823fe69b080e>
   106	dave <dave@b2dd03c8-39d4-4d8f-98ff-823fe69b080e>
    96	akr <akr@b2dd03c8-39d4-4d8f-98ff-823fe69b080e>
    95	aamine <aamine@b2dd03c8-39d4-4d8f-98ff-823fe69b080e>
    89	nagai <nagai@b2dd03c8-39d4-4d8f-98ff-823fe69b080e>
    82	ocean <ocean@b2dd03c8-39d4-4d8f-98ff-823fe69b080e>
    60	gotoyuzo <gotoyuzo@b2dd03c8-39d4-4d8f-98ff-823fe69b080e>
    47	nahi <nahi@b2dd03c8-39d4-4d8f-98ff-823fe69b080e>
    35	kou <kou@b2dd03c8-39d4-4d8f-98ff-823fe69b080e>
    24	ksaito <ksaito@b2dd03c8-39d4-4d8f-98ff-823fe69b080e>
    24	seki <seki@b2dd03c8-39d4-4d8f-98ff-823fe69b080e>
    20	gsinclair <gsinclair@b2dd03c8-39d4-4d8f-98ff-823fe69b080e>
    20	naruse <naruse@b2dd03c8-39d4-4d8f-98ff-823fe69b080e>
    20	ser <ser@b2dd03c8-39d4-4d8f-98ff-823fe69b080e>
    20	shugo <shugo@b2dd03c8-39d4-4d8f-98ff-823fe69b080e>
    20	why <why@b2dd03c8-39d4-4d8f-98ff-823fe69b080e>
    13	akira <akira@b2dd03c8-39d4-4d8f-98ff-823fe69b080e>
    13	suke <suke@b2dd03c8-39d4-4d8f-98ff-823fe69b080e>
    12	dblack <dblack@b2dd03c8-39d4-4d8f-98ff-823fe69b080e>
    11	mneumann <mneumann@b2dd03c8-39d4-4d8f-98ff-823fe69b080e>
     9	ttate <ttate@b2dd03c8-39d4-4d8f-98ff-823fe69b080e>
     6	siena <siena@b2dd03c8-39d4-4d8f-98ff-823fe69b080e>
     5	knu <knu@b2dd03c8-39d4-4d8f-98ff-823fe69b080e>
     5	michal <michal@b2dd03c8-39d4-4d8f-98ff-823fe69b080e>
     5	shigek <shigek@b2dd03c8-39d4-4d8f-98ff-823fe69b080e>
     5	tadf <tadf@b2dd03c8-39d4-4d8f-98ff-823fe69b080e>
     1	katsu <katsu@b2dd03c8-39d4-4d8f-98ff-823fe69b080e>
     1	keiju <keiju@b2dd03c8-39d4-4d8f-98ff-823fe69b080e>
