   331	nobu <nobu@b2dd03c8-39d4-4d8f-98ff-823fe69b080e>
   211	eban <eban@b2dd03c8-39d4-4d8f-98ff-823fe69b080e>
   199	ocean <ocean@b2dd03c8-39d4-4d8f-98ff-823fe69b080e>
   151	akr <akr@b2dd03c8-39d4-4d8f-98ff-823fe69b080e>
   108	matz <matz@b2dd03c8-39d4-4d8f-98ff-823fe69b080e>
   102	nagai <nagai@b2dd03c8-39d4-4d8f-98ff-823fe69b080e>
    83	usa <usa@b2dd03c8-39d4-4d8f-98ff-823fe69b080e>
    65	gotoyuzo <gotoyuzo@b2dd03c8-39d4-4d8f-98ff-823fe69b080e>
    60	aamine <aamine@b2dd03c8-39d4-4d8f-98ff-823fe69b080e>
    42	kou <kou@b2dd03c8-39d4-4d8f-98ff-823fe69b080e>
    31	seki <seki@b2dd03c8-39d4-4d8f-98ff-823fe69b080e>
    22	naruse <naruse@b2dd03c8-39d4-4d8f-98ff-823fe69b080e>
    21	ttate <ttate@b2dd03c8-39d4-4d8f-98ff-823fe69b080e>
    20	shugo <shugo@b2dd03c8-39d4-4d8f-98ff-823fe69b080e>
    17	nahi <nahi@b2dd03c8-39d4-4d8f-98ff-823fe69b080e>
    15	suke <suke@b2dd03c8-39d4-4d8f-98ff-823fe69b080e>
    12	keiju <keiju@b2dd03c8-39d4-4d8f-98ff-823fe69b080e>
     9	ksaito <ksaito@b2dd03c8-39d4-4d8f-98ff-823fe69b080e>
     8	why <why@b2dd03c8-39d4-4d8f-98ff-823fe69b080e>
     5	kosako <kosako@b2dd03c8-39d4-4d8f-98ff-823fe69b080e>
     5	ryan <ryan@b2dd03c8-39d4-4d8f-98ff-823fe69b080e>
     3	akira <akira@b2dd03c8-39d4-4d8f-98ff-823fe69b080e>
     3	mneumann <mneumann@b2dd03c8-39d4-4d8f-98ff-823fe69b080e>
     2	ser <ser@b2dd03c8-39d4-4d8f-98ff-823fe69b080e>
     2	tadf <tadf@b2dd03c8-39d4-4d8f-98ff-823fe69b080e>
     1	dave <dave@b2dd03c8-39d4-4d8f-98ff-823fe69b080e>
     1	ntalbott <ntalbott@b2dd03c8-39d4-4d8f-98ff-823fe69b080e>
     1	zsombor <zsombor@b2dd03c8-39d4-4d8f-98ff-823fe69b080e>
