   334	matz <matz@b2dd03c8-39d4-4d8f-98ff-823fe69b080e>
   200	nobu <nobu@b2dd03c8-39d4-4d8f-98ff-823fe69b080e>
   117	akr <akr@b2dd03c8-39d4-4d8f-98ff-823fe69b080e>
    95	eban <eban@b2dd03c8-39d4-4d8f-98ff-823fe69b080e>
    80	usa <usa@b2dd03c8-39d4-4d8f-98ff-823fe69b080e>
    50	knu <knu@b2dd03c8-39d4-4d8f-98ff-823fe69b080e>
    39	drbrain <drbrain@b2dd03c8-39d4-4d8f-98ff-823fe69b080e>
    33	ocean <ocean@b2dd03c8-39d4-4d8f-98ff-823fe69b080e>
    31	nagai <nagai@b2dd03c8-39d4-4d8f-98ff-823fe69b080e>
    28	suke <suke@b2dd03c8-39d4-4d8f-98ff-823fe69b080e>
    23	tadf <tadf@b2dd03c8-39d4-4d8f-98ff-823fe69b080e>
    20	aamine <aamine@b2dd03c8-39d4-4d8f-98ff-823fe69b080e>
    20	gotoyuzo <gotoyuzo@b2dd03c8-39d4-4d8f-98ff-823fe69b080e>
    16	kosako <kosako@b2dd03c8-39d4-4d8f-98ff-823fe69b080e>
    10	naruse <naruse@b2dd03c8-39d4-4d8f-98ff-823fe69b080e>
     7	shugo <shugo@b2dd03c8-39d4-4d8f-98ff-823fe69b080e>
     5	ttate <ttate@b2dd03c8-39d4-4d8f-98ff-823fe69b080e>
     4	keiju <keiju@b2dd03c8-39d4-4d8f-98ff-823fe69b080e>
     4	ryan <ryan@b2dd03c8-39d4-4d8f-98ff-823fe69b080e>
     4	why <why@b2dd03c8-39d4-4d8f-98ff-823fe69b080e>
     2	nahi <nahi@b2dd03c8-39d4-4d8f-98ff-823fe69b080e>
     2	seki <seki@b2dd03c8-39d4-4d8f-98ff-823fe69b080e>
     2	ser <ser@b2dd03c8-39d4-4d8f-98ff-823fe69b080e>
     1	ko1 <ko1@b2dd03c8-39d4-4d8f-98ff-823fe69b080e>
     1	shyouhei <shyouhei@b2dd03c8-39d4-4d8f-98ff-823fe69b080e>
