   621	nobu <nobu@b2dd03c8-39d4-4d8f-98ff-823fe69b080e>
   492	akr <akr@b2dd03c8-39d4-4d8f-98ff-823fe69b080e>
   396	ko1 <ko1@b2dd03c8-39d4-4d8f-98ff-823fe69b080e>
   392	matz <matz@b2dd03c8-39d4-4d8f-98ff-823fe69b080e>
   141	usa <usa@b2dd03c8-39d4-4d8f-98ff-823fe69b080e>
    40	suke <suke@b2dd03c8-39d4-4d8f-98ff-823fe69b080e>
    38	aamine <aamine@b2dd03c8-39d4-4d8f-98ff-823fe69b080e>
    38	knu <knu@b2dd03c8-39d4-4d8f-98ff-823fe69b080e>
    31	drbrain <drbrain@b2dd03c8-39d4-4d8f-98ff-823fe69b080e>
    30	gotoyuzo <gotoyuzo@b2dd03c8-39d4-4d8f-98ff-823fe69b080e>
    29	eban <eban@b2dd03c8-39d4-4d8f-98ff-823fe69b080e>
    25	naruse <naruse@b2dd03c8-39d4-4d8f-98ff-823fe69b080e>
    24	shugo <shugo@b2dd03c8-39d4-4d8f-98ff-823fe69b080e>
    23	tadf <tadf@b2dd03c8-39d4-4d8f-98ff-823fe69b080e>
    18	kou <kou@b2dd03c8-39d4-4d8f-98ff-823fe69b080e>
    12	davidflanagan <davidflanagan@b2dd03c8-39d4-4d8f-98ff-823fe69b080e>
    12	ser <ser@b2dd03c8-39d4-4d8f-98ff-823fe69b080e>
    11	jeg2 <jeg2@b2dd03c8-39d4-4d8f-98ff-823fe69b080e>
     9	duerst <duerst@b2dd03c8-39d4-4d8f-98ff-823fe69b080e>
     9	keiju <keiju@b2dd03c8-39d4-4d8f-98ff-823fe69b080e>
     9	shyouhei <shyouhei@b2dd03c8-39d4-4d8f-98ff-823fe69b080e>
     9	technorama <technorama@b2dd03c8-39d4-4d8f-98ff-823fe69b080e>
     8	nahi <nahi@b2dd03c8-39d4-4d8f-98ff-823fe69b080e>
     7	nagai <nagai@b2dd03c8-39d4-4d8f-98ff-823fe69b080e>
     4	why <why@b2dd03c8-39d4-4d8f-98ff-823fe69b080e>
     3	seki <seki@b2dd03c8-39d4-4d8f-98ff-823fe69b080e>
     2	jim <jim@b2dd03c8-39d4-4d8f-98ff-823fe69b080e>
     2	ryan <ryan@b2dd03c8-39d4-4d8f-98ff-823fe69b080e>
     1	akira <akira@b2dd03c8-39d4-4d8f-98ff-823fe69b080e>
     1	ntalbott <ntalbott@b2dd03c8-39d4-4d8f-98ff-823fe69b080e>
