  1000	nobu <nobu@b2dd03c8-39d4-4d8f-98ff-823fe69b080e>
   929	akr <akr@b2dd03c8-39d4-4d8f-98ff-823fe69b080e>
   474	matz <matz@b2dd03c8-39d4-4d8f-98ff-823fe69b080e>
   279	naruse <naruse@b2dd03c8-39d4-4d8f-98ff-823fe69b080e>
   277	usa <usa@b2dd03c8-39d4-4d8f-98ff-823fe69b080e>
   250	mame <mame@b2dd03c8-39d4-4d8f-98ff-823fe69b080e>
   168	svn <svn@b2dd03c8-39d4-4d8f-98ff-823fe69b080e>
   138	yugui <yugui@b2dd03c8-39d4-4d8f-98ff-823fe69b080e>
   132	ko1 <ko1@b2dd03c8-39d4-4d8f-98ff-823fe69b080e>
   126	tadf <tadf@b2dd03c8-39d4-4d8f-98ff-823fe69b080e>
   105	knu <knu@b2dd03c8-39d4-4d8f-98ff-823fe69b080e>
    58	drbrain <drbrain@b2dd03c8-39d4-4d8f-98ff-823fe69b080e>
    55	kazu <kazu@b2dd03c8-39d4-4d8f-98ff-823fe69b080e>
    49	suke <suke@b2dd03c8-39d4-4d8f-98ff-823fe69b080e>
    33	ryan <ryan@b2dd03c8-39d4-4d8f-98ff-823fe69b080e>
    33	xibbar <xibbar@b2dd03c8-39d4-4d8f-98ff-823fe69b080e>
    29	shugo <shugo@b2dd03c8-39d4-4d8f-98ff-823fe69b080e>
    26	duerst <duerst@b2dd03c8-39d4-4d8f-98ff-823fe69b080e>
    23	kouji <kouji@b2dd03c8-39d4-4d8f-98ff-823fe69b080e>
    22	shyouhei <shyouhei@b2dd03c8-39d4-4d8f-98ff-823fe69b080e>
    20	nagai <nagai@b2dd03c8-39d4-4d8f-98ff-823fe69b080e>
    16	kou <kou@b2dd03c8-39d4-4d8f-98ff-823fe69b080e>
    14	wanabe <wanabe@b2dd03c8-39d4-4d8f-98ff-823fe69b080e>
    13	jeg2 <jeg2@b2dd03c8-39d4-4d8f-98ff-823fe69b080e>
    12	eban <eban@b2dd03c8-39d4-4d8f-98ff-823fe69b080e>
    10	nari <nari@b2dd03c8-39d4-4d8f-98ff-823fe69b080e>
     8	keiju <keiju@b2dd03c8-39d4-4d8f-98ff-823fe69b080e>
     8	seki <seki@b2dd03c8-39d4-4d8f-98ff-823fe69b080e>
     8	takano32 <takano32@b2dd03c8-39d4-4d8f-98ff-823fe69b080e>
     7	gotoyuzo <gotoyuzo@b2dd03c8-39d4-4d8f-98ff-823fe69b080e>
     4	aamine <aamine@b2dd03c8-39d4-4d8f-98ff-823fe69b080e>
     4	technorama <technorama@b2dd03c8-39d4-4d8f-98ff-823fe69b080e>
     3	jim <jim@b2dd03c8-39d4-4d8f-98ff-823fe69b080e>
     2	akira <akira@b2dd03c8-39d4-4d8f-98ff-823fe69b080e>
     1	davidflanagan <davidflanagan@b2dd03c8-39d4-4d8f-98ff-823fe69b080e>
     1	dblack <dblack@b2dd03c8-39d4-4d8f-98ff-823fe69b080e>
     1	ser <ser@b2dd03c8-39d4-4d8f-98ff-823fe69b080e>
