  1283	nobu <nobu@b2dd03c8-39d4-4d8f-98ff-823fe69b080e>
   591	akr <akr@b2dd03c8-39d4-4d8f-98ff-823fe69b080e>
   251	svn <svn@b2dd03c8-39d4-4d8f-98ff-823fe69b080e>
   192	naruse <naruse@b2dd03c8-39d4-4d8f-98ff-823fe69b080e>
   173	matz <matz@b2dd03c8-39d4-4d8f-98ff-823fe69b080e>
   152	usa <usa@b2dd03c8-39d4-4d8f-98ff-823fe69b080e>
    68	tadf <tadf@b2dd03c8-39d4-4d8f-98ff-823fe69b080e>
    67	ko1 <ko1@b2dd03c8-39d4-4d8f-98ff-823fe69b080e>
    65	marcandre <marcandre@b2dd03c8-39d4-4d8f-98ff-823fe69b080e>
    63	mame <mame@b2dd03c8-39d4-4d8f-98ff-823fe69b080e>
    60	yugui <yugui@b2dd03c8-39d4-4d8f-98ff-823fe69b080e>
    41	knu <knu@b2dd03c8-39d4-4d8f-98ff-823fe69b080e>
    33	tenderlove <tenderlove@b2dd03c8-39d4-4d8f-98ff-823fe69b080e>
    32	azav <azav@b2dd03c8-39d4-4d8f-98ff-823fe69b080e>
    32	kazu <kazu@b2dd03c8-39d4-4d8f-98ff-823fe69b080e>
    24	nagai <nagai@b2dd03c8-39d4-4d8f-98ff-823fe69b080e>
    23	shugo <shugo@b2dd03c8-39d4-4d8f-98ff-823fe69b080e>
    15	duerst <duerst@b2dd03c8-39d4-4d8f-98ff-823fe69b080e>
    15	kou <kou@b2dd03c8-39d4-4d8f-98ff-823fe69b080e>
    12	takano32 <takano32@b2dd03c8-39d4-4d8f-98ff-823fe69b080e>
    12	wanabe <wanabe@b2dd03c8-39d4-4d8f-98ff-823fe69b080e>
    10	nahi <nahi@b2dd03c8-39d4-4d8f-98ff-823fe69b080e>
    10	suke <suke@b2dd03c8-39d4-4d8f-98ff-823fe69b080e>
     9	xibbar <xibbar@b2dd03c8-39d4-4d8f-98ff-823fe69b080e>
     8	keiju <keiju@b2dd03c8-39d4-4d8f-98ff-823fe69b080e>
     8	ryan <ryan@b2dd03c8-39d4-4d8f-98ff-823fe69b080e>
     7	kouji <kouji@b2dd03c8-39d4-4d8f-98ff-823fe69b080e>
     6	drbrain <drbrain@b2dd03c8-39d4-4d8f-98ff-823fe69b080e>
     6	nari <nari@b2dd03c8-39d4-4d8f-98ff-823fe69b080e>
     4	jeg2 <jeg2@b2dd03c8-39d4-4d8f-98ff-823fe69b080e>
     4	kanemoto <kanemoto@b2dd03c8-39d4-4d8f-98ff-823fe69b080e>
     4	seki <seki@b2dd03c8-39d4-4d8f-98ff-823fe69b080e>
     4	shyouhei <shyouhei@b2dd03c8-39d4-4d8f-98ff-823fe69b080e>
     2	eban <eban@b2dd03c8-39d4-4d8f-98ff-823fe69b080e>
     2	technorama <technorama@b2dd03c8-39d4-4d8f-98ff-823fe69b080e>
     1	gotoken <gotoken@b2dd03c8-39d4-4d8f-98ff-823fe69b080e>
