   996	nobu <nobu@b2dd03c8-39d4-4d8f-98ff-823fe69b080e>
   454	akr <akr@b2dd03c8-39d4-4d8f-98ff-823fe69b080e>
   376	naruse <naruse@b2dd03c8-39d4-4d8f-98ff-823fe69b080e>
   303	svn <svn@b2dd03c8-39d4-4d8f-98ff-823fe69b080e>
   184	mame <mame@b2dd03c8-39d4-4d8f-98ff-823fe69b080e>
   177	usa <usa@b2dd03c8-39d4-4d8f-98ff-823fe69b080e>
   100	tenderlove <tenderlove@b2dd03c8-39d4-4d8f-98ff-823fe69b080e>
    63	marcandre <marcandre@b2dd03c8-39d4-4d8f-98ff-823fe69b080e>
    59	kazu <kazu@b2dd03c8-39d4-4d8f-98ff-823fe69b080e>
    41	wanabe <wanabe@b2dd03c8-39d4-4d8f-98ff-823fe69b080e>
    40	shyouhei <shyouhei@b2dd03c8-39d4-4d8f-98ff-823fe69b080e>
    38	matz <matz@b2dd03c8-39d4-4d8f-98ff-823fe69b080e>
    37	ko1 <ko1@b2dd03c8-39d4-4d8f-98ff-823fe69b080e>
    32	knu <knu@b2dd03c8-39d4-4d8f-98ff-823fe69b080e>
    31	mrkn <mrkn@b2dd03c8-39d4-4d8f-98ff-823fe69b080e>
    30	drbrain <drbrain@b2dd03c8-39d4-4d8f-98ff-823fe69b080e>
    28	kosaki <kosaki@b2dd03c8-39d4-4d8f-98ff-823fe69b080e>
    24	shugo <shugo@b2dd03c8-39d4-4d8f-98ff-823fe69b080e>
    21	kou <kou@b2dd03c8-39d4-4d8f-98ff-823fe69b080e>
    20	tadf <tadf@b2dd03c8-39d4-4d8f-98ff-823fe69b080e>
    19	tarui <tarui@b2dd03c8-39d4-4d8f-98ff-823fe69b080e>
    16	nagai <nagai@b2dd03c8-39d4-4d8f-98ff-823fe69b080e>
    16	yugui <yugui@b2dd03c8-39d4-4d8f-98ff-823fe69b080e>
    15	suke <suke@b2dd03c8-39d4-4d8f-98ff-823fe69b080e>
    14	azav <azav@b2dd03c8-39d4-4d8f-98ff-823fe69b080e>
    14	ryan <ryan@b2dd03c8-39d4-4d8f-98ff-823fe69b080e>
    11	muraken <muraken@b2dd03c8-39d4-4d8f-98ff-823fe69b080e>
    10	jeg2 <jeg2@b2dd03c8-39d4-4d8f-98ff-823fe69b080e>
    10	nahi <nahi@b2dd03c8-39d4-4d8f-98ff-823fe69b080e>
     9	nari <nari@b2dd03c8-39d4-4d8f-98ff-823fe69b080e>
     7	arton <arton@b2dd03c8-39d4-4d8f-98ff-823fe69b080e>
     6	kanemoto <kanemoto@b2dd03c8-39d4-4d8f-98ff-823fe69b080e>
     6	keiju <keiju@b2dd03c8-39d4-4d8f-98ff-823fe69b080e>
     3	eban <eban@b2dd03c8-39d4-4d8f-98ff-823fe69b080e>
     3	evan <evan@b2dd03c8-39d4-4d8f-98ff-823fe69b080e>
     3	seki <seki@b2dd03c8-39d4-4d8f-98ff-823fe69b080e>
     2	luislavena <luislavena@b2dd03c8-39d4-4d8f-98ff-823fe69b080e>
     2	xibbar <xibbar@b2dd03c8-39d4-4d8f-98ff-823fe69b080e>
     1	duerst <duerst@b2dd03c8-39d4-4d8f-98ff-823fe69b080e>
     1	takano32 <takano32@b2dd03c8-39d4-4d8f-98ff-823fe69b080e>
