   580	nobu <nobu@b2dd03c8-39d4-4d8f-98ff-823fe69b080e>
   347	svn <svn@b2dd03c8-39d4-4d8f-98ff-823fe69b080e>
   332	kosaki <kosaki@b2dd03c8-39d4-4d8f-98ff-823fe69b080e>
   290	naruse <naruse@b2dd03c8-39d4-4d8f-98ff-823fe69b080e>
   267	akr <akr@b2dd03c8-39d4-4d8f-98ff-823fe69b080e>
   217	drbrain <drbrain@b2dd03c8-39d4-4d8f-98ff-823fe69b080e>
   138	usa <usa@b2dd03c8-39d4-4d8f-98ff-823fe69b080e>
   111	tadf <tadf@b2dd03c8-39d4-4d8f-98ff-823fe69b080e>
   108	nagachika <nagachika@b2dd03c8-39d4-4d8f-98ff-823fe69b080e>
    85	tenderlove <tenderlove@b2dd03c8-39d4-4d8f-98ff-823fe69b080e>
    82	emboss <emboss@b2dd03c8-39d4-4d8f-98ff-823fe69b080e>
    51	kazu <kazu@b2dd03c8-39d4-4d8f-98ff-823fe69b080e>
    51	nahi <nahi@b2dd03c8-39d4-4d8f-98ff-823fe69b080e>
    51	sorah <sorah@b2dd03c8-39d4-4d8f-98ff-823fe69b080e>
    49	mrkn <mrkn@b2dd03c8-39d4-4d8f-98ff-823fe69b080e>
    40	ko1 <ko1@b2dd03c8-39d4-4d8f-98ff-823fe69b080e>
    35	marcandre <marcandre@b2dd03c8-39d4-4d8f-98ff-823fe69b080e>
    30	shyouhei <shyouhei@b2dd03c8-39d4-4d8f-98ff-823fe69b080e>
    29	mame <mame@b2dd03c8-39d4-4d8f-98ff-823fe69b080e>
    28	ayumin <ayumin@b2dd03c8-39d4-4d8f-98ff-823fe69b080e>
    28	ryan <ryan@b2dd03c8-39d4-4d8f-98ff-823fe69b080e>
    24	ktsj <ktsj@b2dd03c8-39d4-4d8f-98ff-823fe69b080e>
    20	yugui <yugui@b2dd03c8-39d4-4d8f-98ff-823fe69b080e>
    19	ngoto <ngoto@b2dd03c8-39d4-4d8f-98ff-823fe69b080e>
    18	shugo <shugo@b2dd03c8-39d4-4d8f-98ff-823fe69b080e>
    13	arton <arton@b2dd03c8-39d4-4d8f-98ff-823fe69b080e>
    11	matz <matz@b2dd03c8-39d4-4d8f-98ff-823fe69b080e>
    10	keiju <keiju@b2dd03c8-39d4-4d8f-98ff-823fe69b080e>
     9	eban <eban@b2dd03c8-39d4-4d8f-98ff-823fe69b080e>
     9	kou <kou@b2dd03c8-39d4-4d8f-98ff-823fe69b080e>
     8	luislavena <luislavena@b2dd03c8-39d4-4d8f-98ff-823fe69b080e>
     8	nagai <nagai@b2dd03c8-39d4-4d8f-98ff-823fe69b080e>
     7	nari <nari@b2dd03c8-39d4-4d8f-98ff-823fe69b080e>
     6	knu <knu@b2dd03c8-39d4-4d8f-98ff-823fe69b080e>
     6	kouji <kouji@b2dd03c8-39d4-4d8f-98ff-823fe69b080e>
     5	tarui <tarui@b2dd03c8-39d4-4d8f-98ff-823fe69b080e>
     4	jeg2 <jeg2@b2dd03c8-39d4-4d8f-98ff-823fe69b080e>
     4	kanemoto <kanemoto@b2dd03c8-39d4-4d8f-98ff-823fe69b080e>
     4	seki <seki@b2dd03c8-39d4-4d8f-98ff-823fe69b080e>
     3	duerst <duerst@b2dd03c8-39d4-4d8f-98ff-823fe69b080e>
     3	iwamatsu <iwamatsu@b2dd03c8-39d4-4d8f-98ff-823fe69b080e>
     2	suke <suke@b2dd03c8-39d4-4d8f-98ff-823fe69b080e>
     2	xibbar <xibbar@b2dd03c8-39d4-4d8f-98ff-823fe69b080e>
     1	okkez <okkez@b2dd03c8-39d4-4d8f-98ff-823fe69b080e>
     1	shirosaki <shirosaki@b2dd03c8-39d4-4d8f-98ff-823fe69b080e>
     1	takano32 <takano32@b2dd03c8-39d4-4d8f-98ff-823fe69b080e>
