  1164	nobu <nobu@b2dd03c8-39d4-4d8f-98ff-823fe69b080e>
   393	naruse <naruse@b2dd03c8-39d4-4d8f-98ff-823fe69b080e>
   363	svn <svn@b2dd03c8-39d4-4d8f-98ff-823fe69b080e>
   222	akr <akr@b2dd03c8-39d4-4d8f-98ff-823fe69b080e>
   218	ko1 <ko1@b2dd03c8-39d4-4d8f-98ff-823fe69b080e>
   211	drbrain <drbrain@b2dd03c8-39d4-4d8f-98ff-823fe69b080e>
   159	usa <usa@b2dd03c8-39d4-4d8f-98ff-823fe69b080e>
   136	kosaki <kosaki@b2dd03c8-39d4-4d8f-98ff-823fe69b080e>
   106	shugo <shugo@b2dd03c8-39d4-4d8f-98ff-823fe69b080e>
    94	kazu <kazu@b2dd03c8-39d4-4d8f-98ff-823fe69b080e>
    85	zzak <zzak@b2dd03c8-39d4-4d8f-98ff-823fe69b080e>
    78	tenderlove <tenderlove@b2dd03c8-39d4-4d8f-98ff-823fe69b080e>
    75	tadf <tadf@b2dd03c8-39d4-4d8f-98ff-823fe69b080e>
    72	marcandre <marcandre@b2dd03c8-39d4-4d8f-98ff-823fe69b080e>
    72	nagachika <nagachika@b2dd03c8-39d4-4d8f-98ff-823fe69b080e>
    54	nari <nari@b2dd03c8-39d4-4d8f-98ff-823fe69b080e>
    51	knu <knu@b2dd03c8-39d4-4d8f-98ff-823fe69b080e>
    50	shirosaki <shirosaki@b2dd03c8-39d4-4d8f-98ff-823fe69b080e>
    41	kou <kou@b2dd03c8-39d4-4d8f-98ff-823fe69b080e>
    39	emboss <emboss@b2dd03c8-39d4-4d8f-98ff-823fe69b080e>
    33	ayumin <ayumin@b2dd03c8-39d4-4d8f-98ff-823fe69b080e>
    32	ngoto <ngoto@b2dd03c8-39d4-4d8f-98ff-823fe69b080e>
    26	ktsj <ktsj@b2dd03c8-39d4-4d8f-98ff-823fe69b080e>
    26	shyouhei <shyouhei@b2dd03c8-39d4-4d8f-98ff-823fe69b080e>
    24	yugui <yugui@b2dd03c8-39d4-4d8f-98ff-823fe69b080e>
    19	tarui <tarui@b2dd03c8-39d4-4d8f-98ff-823fe69b080e>
    18	eregon <eregon@b2dd03c8-39d4-4d8f-98ff-823fe69b080e>
    18	mrkn <mrkn@b2dd03c8-39d4-4d8f-98ff-823fe69b080e>
    16	glass <glass@b2dd03c8-39d4-4d8f-98ff-823fe69b080e>
    14	keiju <keiju@b2dd03c8-39d4-4d8f-98ff-823fe69b080e>
    14	xibbar <xibbar@b2dd03c8-39d4-4d8f-98ff-823fe69b080e>
    13	luislavena <luislavena@b2dd03c8-39d4-4d8f-98ff-823fe69b080e>
    10	mame <mame@b2dd03c8-39d4-4d8f-98ff-823fe69b080e>
    10	sorah <sorah@b2dd03c8-39d4-4d8f-98ff-823fe69b080e>
     9	ryan <ryan@b2dd03c8-39d4-4d8f-98ff-823fe69b080e>
     6	nahi <nahi@b2dd03c8-39d4-4d8f-98ff-823fe69b080e>
     5	charliesome <charliesome@b2dd03c8-39d4-4d8f-98ff-823fe69b080e>
     4	seki <seki@b2dd03c8-39d4-4d8f-98ff-823fe69b080e>
     3	duerst <duerst@b2dd03c8-39d4-4d8f-98ff-823fe69b080e>
     3	jeg2 <jeg2@b2dd03c8-39d4-4d8f-98ff-823fe69b080e>
     3	kouji <kouji@b2dd03c8-39d4-4d8f-98ff-823fe69b080e>
     3	matz <matz@b2dd03c8-39d4-4d8f-98ff-823fe69b080e>
     3	suke <suke@b2dd03c8-39d4-4d8f-98ff-823fe69b080e>
     2	kanemoto <kanemoto@b2dd03c8-39d4-4d8f-98ff-823fe69b080e>
     1	takano32 <takano32@b2dd03c8-39d4-4d8f-98ff-823fe69b080e>
