  1627	nobu <nobu@b2dd03c8-39d4-4d8f-98ff-823fe69b080e>
   661	akr <akr@b2dd03c8-39d4-4d8f-98ff-823fe69b080e>
   393	ko1 <ko1@b2dd03c8-39d4-4d8f-98ff-823fe69b080e>
   364	svn <svn@b2dd03c8-39d4-4d8f-98ff-823fe69b080e>
   330	zzak <zzak@b2dd03c8-39d4-4d8f-98ff-823fe69b080e>
   265	naruse <naruse@b2dd03c8-39d4-4d8f-98ff-823fe69b080e>
   183	drbrain <drbrain@b2dd03c8-39d4-4d8f-98ff-823fe69b080e>
   135	kazu <kazu@b2dd03c8-39d4-4d8f-98ff-823fe69b080e>
    93	knu <knu@b2dd03c8-39d4-4d8f-98ff-823fe69b080e>
    88	marcandre <marcandre@b2dd03c8-39d4-4d8f-98ff-823fe69b080e>
    87	glass <glass@b2dd03c8-39d4-4d8f-98ff-823fe69b080e>
    80	kosaki <kosaki@b2dd03c8-39d4-4d8f-98ff-823fe69b080e>
    79	usa <usa@b2dd03c8-39d4-4d8f-98ff-823fe69b080e>
    75	tmm1 <tmm1@b2dd03c8-39d4-4d8f-98ff-823fe69b080e>
    72	charliesome <charliesome@b2dd03c8-39d4-4d8f-98ff-823fe69b080e>
    70	kou <kou@b2dd03c8-39d4-4d8f-98ff-823fe69b080e>
    50	mrkn <mrkn@b2dd03c8-39d4-4d8f-98ff-823fe69b080e>
    48	a_matsuda <a_matsuda@b2dd03c8-39d4-4d8f-98ff-823fe69b080e>
    43	tarui <tarui@b2dd03c8-39d4-4d8f-98ff-823fe69b080e>
    42	eregon <eregon@b2dd03c8-39d4-4d8f-98ff-823fe69b080e>
    41	ktsj <ktsj@b2dd03c8-39d4-4d8f-98ff-823fe69b080e>
    37	shugo <shugo@b2dd03c8-39d4-4d8f-98ff-823fe69b080e>
    35	hsbt <hsbt@b2dd03c8-39d4-4d8f-98ff-823fe69b080e>
    33	tenderlove <tenderlove@b2dd03c8-39d4-4d8f-98ff-823fe69b080e>
    28	xibbar <xibbar@b2dd03c8-39d4-4d8f-98ff-823fe69b080e>
    22	nari <nari@b2dd03c8-39d4-4d8f-98ff-823fe69b080e>
    21	nagachika <nagachika@b2dd03c8-39d4-4d8f-98ff-823fe69b080e>
    16	yugui <yugui@b2dd03c8-39d4-4d8f-98ff-823fe69b080e>
    15	ayumin <ayumin@b2dd03c8-39d4-4d8f-98ff-823fe69b080e>
    13	mame <mame@b2dd03c8-39d4-4d8f-98ff-823fe69b080e>
    13	shirosaki <shirosaki@b2dd03c8-39d4-4d8f-98ff-823fe69b080e>
    13	tadf <tadf@b2dd03c8-39d4-4d8f-98ff-823fe69b080e>
    12	sorah <sorah@b2dd03c8-39d4-4d8f-98ff-823fe69b080e>
     8	ngoto <ngoto@b2dd03c8-39d4-4d8f-98ff-823fe69b080e>
     7	headius <headius@b2dd03c8-39d4-4d8f-98ff-823fe69b080e>
     7	nagai <nagai@b2dd03c8-39d4-4d8f-98ff-823fe69b080e>
     6	emboss <emboss@b2dd03c8-39d4-4d8f-98ff-823fe69b080e>
     5	kouji <kouji@b2dd03c8-39d4-4d8f-98ff-823fe69b080e>
     5	takano32 <takano32@b2dd03c8-39d4-4d8f-98ff-823fe69b080e>
     4	suke <suke@b2dd03c8-39d4-4d8f-98ff-823fe69b080e>
     3	duerst <duerst@b2dd03c8-39d4-4d8f-98ff-823fe69b080e>
     3	jeg2 <jeg2@b2dd03c8-39d4-4d8f-98ff-823fe69b080e>
     3	ryan <ryan@b2dd03c8-39d4-4d8f-98ff-823fe69b080e>
     2	eban <eban@b2dd03c8-39d4-4d8f-98ff-823fe69b080e>
     2	keiju <keiju@b2dd03c8-39d4-4d8f-98ff-823fe69b080e>
     2	luislavena <luislavena@b2dd03c8-39d4-4d8f-98ff-823fe69b080e>
     2	matz <matz@b2dd03c8-39d4-4d8f-98ff-823fe69b080e>
     1	kanemoto <kanemoto@b2dd03c8-39d4-4d8f-98ff-823fe69b080e>
     1	shyouhei <shyouhei@b2dd03c8-39d4-4d8f-98ff-823fe69b080e>
