  1565	nobu <nobu@b2dd03c8-39d4-4d8f-98ff-823fe69b080e>
   444	svn <svn@b2dd03c8-39d4-4d8f-98ff-823fe69b080e>
   390	akr <akr@b2dd03c8-39d4-4d8f-98ff-823fe69b080e>
   245	hsbt <hsbt@b2dd03c8-39d4-4d8f-98ff-823fe69b080e>
   194	normal <normal@b2dd03c8-39d4-4d8f-98ff-823fe69b080e>
   193	naruse <naruse@b2dd03c8-39d4-4d8f-98ff-823fe69b080e>
   190	ko1 <ko1@b2dd03c8-39d4-4d8f-98ff-823fe69b080e>
   124	usa <usa@b2dd03c8-39d4-4d8f-98ff-823fe69b080e>
    92	kazu <kazu@b2dd03c8-39d4-4d8f-98ff-823fe69b080e>
    79	zzak <zzak@b2dd03c8-39d4-4d8f-98ff-823fe69b080e>
    69	suke <suke@b2dd03c8-39d4-4d8f-98ff-823fe69b080e>
    54	duerst <duerst@b2dd03c8-39d4-4d8f-98ff-823fe69b080e>
    39	marcandre <marcandre@b2dd03c8-39d4-4d8f-98ff-823fe69b080e>
    28	kou <kou@b2dd03c8-39d4-4d8f-98ff-823fe69b080e>
    24	ktsj <ktsj@b2dd03c8-39d4-4d8f-98ff-823fe69b080e>
    20	glass <glass@b2dd03c8-39d4-4d8f-98ff-823fe69b080e>
    18	tenderlove <tenderlove@b2dd03c8-39d4-4d8f-98ff-823fe69b080e>
    15	drbrain <drbrain@b2dd03c8-39d4-4d8f-98ff-823fe69b080e>
    14	knu <knu@b2dd03c8-39d4-4d8f-98ff-823fe69b080e>
    14	nagachika <nagachika@b2dd03c8-39d4-4d8f-98ff-823fe69b080e>
    14	yugui <yugui@b2dd03c8-39d4-4d8f-98ff-823fe69b080e>
    13	nari <nari@b2dd03c8-39d4-4d8f-98ff-823fe69b080e>
    13	ngoto <ngoto@b2dd03c8-39d4-4d8f-98ff-823fe69b080e>
    12	charliesome <charliesome@b2dd03c8-39d4-4d8f-98ff-823fe69b080e>
    10	headius <headius@b2dd03c8-39d4-4d8f-98ff-823fe69b080e>
     9	eregon <eregon@b2dd03c8-39d4-4d8f-98ff-823fe69b080e>
     8	sorah <sorah@b2dd03c8-39d4-4d8f-98ff-823fe69b080e>
     7	odaira <odaira@b2dd03c8-39d4-4d8f-98ff-823fe69b080e>
     7	shugo <shugo@b2dd03c8-39d4-4d8f-98ff-823fe69b080e>
     7	tadf <tadf@b2dd03c8-39d4-4d8f-98ff-823fe69b080e>
     7	tmm1 <tmm1@b2dd03c8-39d4-4d8f-98ff-823fe69b080e>
     6	ayumin <ayumin@b2dd03c8-39d4-4d8f-98ff-823fe69b080e>
     5	kosaki <kosaki@b2dd03c8-39d4-4d8f-98ff-823fe69b080e>
     5	mrkn <mrkn@b2dd03c8-39d4-4d8f-98ff-823fe69b080e>
     5	nagai <nagai@b2dd03c8-39d4-4d8f-98ff-823fe69b080e>
     5	shyouhei <shyouhei@b2dd03c8-39d4-4d8f-98ff-823fe69b080e>
     4	kanemoto <kanemoto@b2dd03c8-39d4-4d8f-98ff-823fe69b080e>
     4	shirosaki <shirosaki@b2dd03c8-39d4-4d8f-98ff-823fe69b080e>
     4	tarui <tarui@b2dd03c8-39d4-4d8f-98ff-823fe69b080e>
     3	hone <hone@b2dd03c8-39d4-4d8f-98ff-823fe69b080e>
     3	jeg2 <jeg2@b2dd03c8-39d4-4d8f-98ff-823fe69b080e>
     2	emboss <emboss@b2dd03c8-39d4-4d8f-98ff-823fe69b080e>
     2	mame <mame@b2dd03c8-39d4-4d8f-98ff-823fe69b080e>
     2	ryan <ryan@b2dd03c8-39d4-4d8f-98ff-823fe69b080e>
     1	a_matsuda <a_matsuda@b2dd03c8-39d4-4d8f-98ff-823fe69b080e>
     1	keiju <keiju@b2dd03c8-39d4-4d8f-98ff-823fe69b080e>
     1	matz <matz@b2dd03c8-39d4-4d8f-98ff-823fe69b080e>
     1	xibbar <xibbar@b2dd03c8-39d4-4d8f-98ff-823fe69b080e>
