  1674	nobu <nobu@b2dd03c8-39d4-4d8f-98ff-823fe69b080e>
   452	svn <svn@b2dd03c8-39d4-4d8f-98ff-823fe69b080e>
   338	ko1 <ko1@b2dd03c8-39d4-4d8f-98ff-823fe69b080e>
   242	hsbt <hsbt@b2dd03c8-39d4-4d8f-98ff-823fe69b080e>
   194	normal <normal@b2dd03c8-39d4-4d8f-98ff-823fe69b080e>
   130	naruse <naruse@b2dd03c8-39d4-4d8f-98ff-823fe69b080e>
   123	kazu <kazu@b2dd03c8-39d4-4d8f-98ff-823fe69b080e>
   122	usa <usa@b2dd03c8-39d4-4d8f-98ff-823fe69b080e>
    93	akr <akr@b2dd03c8-39d4-4d8f-98ff-823fe69b080e>
    54	shugo <shugo@b2dd03c8-39d4-4d8f-98ff-823fe69b080e>
    46	tenderlove <tenderlove@b2dd03c8-39d4-4d8f-98ff-823fe69b080e>
    44	kosaki <kosaki@b2dd03c8-39d4-4d8f-98ff-823fe69b080e>
    42	ngoto <ngoto@b2dd03c8-39d4-4d8f-98ff-823fe69b080e>
    31	gogotanaka <gogotanaka@b2dd03c8-39d4-4d8f-98ff-823fe69b080e>
    26	marcandre <marcandre@b2dd03c8-39d4-4d8f-98ff-823fe69b080e>
    22	zzak <zzak@b2dd03c8-39d4-4d8f-98ff-823fe69b080e>
    20	duerst <duerst@b2dd03c8-39d4-4d8f-98ff-823fe69b080e>
    19	a_matsuda <a_matsuda@b2dd03c8-39d4-4d8f-98ff-823fe69b080e>
    18	nagachika <nagachika@b2dd03c8-39d4-4d8f-98ff-823fe69b080e>
    17	knu <knu@b2dd03c8-39d4-4d8f-98ff-823fe69b080e>
    15	eregon <eregon@b2dd03c8-39d4-4d8f-98ff-823fe69b080e>
    14	glass <glass@b2dd03c8-39d4-4d8f-98ff-823fe69b080e>
    12	ktsj <ktsj@b2dd03c8-39d4-4d8f-98ff-823fe69b080e>
    11	odaira <odaira@b2dd03c8-39d4-4d8f-98ff-823fe69b080e>
    10	sorah <sorah@b2dd03c8-39d4-4d8f-98ff-823fe69b080e>
     8	ayumin <ayumin@b2dd03c8-39d4-4d8f-98ff-823fe69b080e>
     8	suke <suke@b2dd03c8-39d4-4d8f-98ff-823fe69b080e>
     7	mame <mame@b2dd03c8-39d4-4d8f-98ff-823fe69b080e>
     5	headius <headius@b2dd03c8-39d4-4d8f-98ff-823fe69b080e>
     5	sonots <sonots@b2dd03c8-39d4-4d8f-98ff-823fe69b080e>
     5	yugui <yugui@b2dd03c8-39d4-4d8f-98ff-823fe69b080e>
     5	yuki <yuki@b2dd03c8-39d4-4d8f-98ff-823fe69b080e>
     4	kou <kou@b2dd03c8-39d4-4d8f-98ff-823fe69b080e>
     4	mrkn <mrkn@b2dd03c8-39d4-4d8f-98ff-823fe69b080e>
     2	sho-h <sho-h@b2dd03c8-39d4-4d8f-98ff-823fe69b080e>
     2	yui-knk <yui-knk@b2dd03c8-39d4-4d8f-98ff-823fe69b080e>
     1	drbrain <drbrain@b2dd03c8-39d4-4d8f-98ff-823fe69b080e>
     1	matz <matz@b2dd03c8-39d4-4d8f-98ff-823fe69b080e>
     1	seki <seki@b2dd03c8-39d4-4d8f-98ff-823fe69b080e>
     1	shirosaki <shirosaki@b2dd03c8-39d4-4d8f-98ff-823fe69b080e>
     1	tmm1 <tmm1@b2dd03c8-39d4-4d8f-98ff-823fe69b080e>
     1	xibbar <xibbar@b2dd03c8-39d4-4d8f-98ff-823fe69b080e>
