  1479	nobu <nobu@b2dd03c8-39d4-4d8f-98ff-823fe69b080e>
   441	svn <svn@b2dd03c8-39d4-4d8f-98ff-823fe69b080e>
   220	naruse <naruse@b2dd03c8-39d4-4d8f-98ff-823fe69b080e>
   163	duerst <duerst@b2dd03c8-39d4-4d8f-98ff-823fe69b080e>
   144	kazu <kazu@b2dd03c8-39d4-4d8f-98ff-823fe69b080e>
   134	hsbt <hsbt@b2dd03c8-39d4-4d8f-98ff-823fe69b080e>
   100	rhe <rhe@b2dd03c8-39d4-4d8f-98ff-823fe69b080e>
    99	mrkn <mrkn@b2dd03c8-39d4-4d8f-98ff-823fe69b080e>
    97	akr <akr@b2dd03c8-39d4-4d8f-98ff-823fe69b080e>
    88	usa <usa@b2dd03c8-39d4-4d8f-98ff-823fe69b080e>
    79	shugo <shugo@b2dd03c8-39d4-4d8f-98ff-823fe69b080e>
    45	ko1 <ko1@b2dd03c8-39d4-4d8f-98ff-823fe69b080e>
    34	normal <normal@b2dd03c8-39d4-4d8f-98ff-823fe69b080e>
    27	ngoto <ngoto@b2dd03c8-39d4-4d8f-98ff-823fe69b080e>
    21	ktsj <ktsj@b2dd03c8-39d4-4d8f-98ff-823fe69b080e>
    19	yui-knk <yui-knk@b2dd03c8-39d4-4d8f-98ff-823fe69b080e>
    14	headius <headius@b2dd03c8-39d4-4d8f-98ff-823fe69b080e>
    14	odaira <odaira@b2dd03c8-39d4-4d8f-98ff-823fe69b080e>
    12	nagachika <nagachika@b2dd03c8-39d4-4d8f-98ff-823fe69b080e>
    12	shyouhei <shyouhei@b2dd03c8-39d4-4d8f-98ff-823fe69b080e>
    10	knu <knu@b2dd03c8-39d4-4d8f-98ff-823fe69b080e>
    10	sonots <sonots@b2dd03c8-39d4-4d8f-98ff-823fe69b080e>
     9	sho-h <sho-h@b2dd03c8-39d4-4d8f-98ff-823fe69b080e>
     8	mame <mame@b2dd03c8-39d4-4d8f-98ff-823fe69b080e>
     6	a_matsuda <a_matsuda@b2dd03c8-39d4-4d8f-98ff-823fe69b080e>
     6	kou <kou@b2dd03c8-39d4-4d8f-98ff-823fe69b080e>
     5	eregon <eregon@b2dd03c8-39d4-4d8f-98ff-823fe69b080e>
     5	tenderlove <tenderlove@b2dd03c8-39d4-4d8f-98ff-823fe69b080e>
     4	marcandre <marcandre@b2dd03c8-39d4-4d8f-98ff-823fe69b080e>
     4	seki <seki@b2dd03c8-39d4-4d8f-98ff-823fe69b080e>
     4	sorah <sorah@b2dd03c8-39d4-4d8f-98ff-823fe69b080e>
     4	suke <suke@b2dd03c8-39d4-4d8f-98ff-823fe69b080e>
     3	tarui <tarui@b2dd03c8-39d4-4d8f-98ff-823fe69b080e>
     2	drbrain <drbrain@b2dd03c8-39d4-4d8f-98ff-823fe69b080e>
     2	matz <matz@b2dd03c8-39d4-4d8f-98ff-823fe69b080e>
     2	okkez <okkez@b2dd03c8-39d4-4d8f-98ff-823fe69b080e>
     2	tadd <tadd@b2dd03c8-39d4-4d8f-98ff-823fe69b080e>
     2	zzak <zzak@b2dd03c8-39d4-4d8f-98ff-823fe69b080e>
     1	arton <arton@b2dd03c8-39d4-4d8f-98ff-823fe69b080e>
     1	yuki <yuki@b2dd03c8-39d4-4d8f-98ff-823fe69b080e>
