  1368	nobu <nobu@b2dd03c8-39d4-4d8f-98ff-823fe69b080e>
   458	svn <svn@b2dd03c8-39d4-4d8f-98ff-823fe69b080e>
   320	ko1 <ko1@b2dd03c8-39d4-4d8f-98ff-823fe69b080e>
   210	hsbt <hsbt@b2dd03c8-39d4-4d8f-98ff-823fe69b080e>
   186	normal <normal@b2dd03c8-39d4-4d8f-98ff-823fe69b080e>
   155	kazu <kazu@b2dd03c8-39d4-4d8f-98ff-823fe69b080e>
   129	naruse <naruse@b2dd03c8-39d4-4d8f-98ff-823fe69b080e>
   120	yui-knk <yui-knk@b2dd03c8-39d4-4d8f-98ff-823fe69b080e>
   118	mame <mame@b2dd03c8-39d4-4d8f-98ff-823fe69b080e>
   110	stomar <stomar@b2dd03c8-39d4-4d8f-98ff-823fe69b080e>
   105	eregon <eregon@b2dd03c8-39d4-4d8f-98ff-823fe69b080e>
    75	usa <usa@b2dd03c8-39d4-4d8f-98ff-823fe69b080e>
    65	k0kubun <k0kubun@b2dd03c8-39d4-4d8f-98ff-823fe69b080e>
    40	rhe <rhe@b2dd03c8-39d4-4d8f-98ff-823fe69b080e>
    34	duerst <duerst@b2dd03c8-39d4-4d8f-98ff-823fe69b080e>
    32	shyouhei <shyouhei@b2dd03c8-39d4-4d8f-98ff-823fe69b080e>
    27	glass <glass@b2dd03c8-39d4-4d8f-98ff-823fe69b080e>
    23	shugo <shugo@b2dd03c8-39d4-4d8f-98ff-823fe69b080e>
    22	knu <knu@b2dd03c8-39d4-4d8f-98ff-823fe69b080e>
    21	marcandre <marcandre@b2dd03c8-39d4-4d8f-98ff-823fe69b080e>
    21	sonots <sonots@b2dd03c8-39d4-4d8f-98ff-823fe69b080e>
    20	akr <akr@b2dd03c8-39d4-4d8f-98ff-823fe69b080e>
    17	mrkn <mrkn@b2dd03c8-39d4-4d8f-98ff-823fe69b080e>
    17	sorah <sorah@b2dd03c8-39d4-4d8f-98ff-823fe69b080e>
    15	watson1978 <watson1978@b2dd03c8-39d4-4d8f-98ff-823fe69b080e>
    14	ktsj <ktsj@b2dd03c8-39d4-4d8f-98ff-823fe69b080e>
    12	suke <suke@b2dd03c8-39d4-4d8f-98ff-823fe69b080e>
    10	a_matsuda <a_matsuda@b2dd03c8-39d4-4d8f-98ff-823fe69b080e>
     9	kou <kou@b2dd03c8-39d4-4d8f-98ff-823fe69b080e>
     8	kosaki <kosaki@b2dd03c8-39d4-4d8f-98ff-823fe69b080e>
     6	ngoto <ngoto@b2dd03c8-39d4-4d8f-98ff-823fe69b080e>
     4	yugui <yugui@b2dd03c8-39d4-4d8f-98ff-823fe69b080e>
     3	nagachika <nagachika@b2dd03c8-39d4-4d8f-98ff-823fe69b080e>
     3	tenderlove <tenderlove@b2dd03c8-39d4-4d8f-98ff-823fe69b080e>
     2	odaira <odaira@b2dd03c8-39d4-4d8f-98ff-823fe69b080e>
     2	shirosaki <shirosaki@b2dd03c8-39d4-4d8f-98ff-823fe69b080e>
     1	matz <matz@b2dd03c8-39d4-4d8f-98ff-823fe69b080e>
     1	tadd <tadd@b2dd03c8-39d4-4d8f-98ff-823fe69b080e>
     1	takano32 <takano32@b2dd03c8-39d4-4d8f-98ff-823fe69b080e>
     1	tarui <tarui@b2dd03c8-39d4-4d8f-98ff-823fe69b080e>
     1	yuki <yuki@b2dd03c8-39d4-4d8f-98ff-823fe69b080e>
