  1239	nobu <nobu@b2dd03c8-39d4-4d8f-98ff-823fe69b080e>
   637	k0kubun <k0kubun@b2dd03c8-39d4-4d8f-98ff-823fe69b080e>
   567	svn <svn@b2dd03c8-39d4-4d8f-98ff-823fe69b080e>
   452	normal <normal@b2dd03c8-39d4-4d8f-98ff-823fe69b080e>
   278	shyouhei <shyouhei@b2dd03c8-39d4-4d8f-98ff-823fe69b080e>
   233	mame <mame@b2dd03c8-39d4-4d8f-98ff-823fe69b080e>
   192	kazu <kazu@b2dd03c8-39d4-4d8f-98ff-823fe69b080e>
   168	hsbt <hsbt@b2dd03c8-39d4-4d8f-98ff-823fe69b080e>
   168	naruse <naruse@b2dd03c8-39d4-4d8f-98ff-823fe69b080e>
   142	ko1 <ko1@b2dd03c8-39d4-4d8f-98ff-823fe69b080e>
   101	eregon <eregon@b2dd03c8-39d4-4d8f-98ff-823fe69b080e>
    74	stomar <stomar@b2dd03c8-39d4-4d8f-98ff-823fe69b080e>
    68	duerst <duerst@b2dd03c8-39d4-4d8f-98ff-823fe69b080e>
    52	mrkn <mrkn@b2dd03c8-39d4-4d8f-98ff-823fe69b080e>
    51	samuel <samuel@b2dd03c8-39d4-4d8f-98ff-823fe69b080e>
    49	yui-knk <yui-knk@b2dd03c8-39d4-4d8f-98ff-823fe69b080e>
    46	usa <usa@b2dd03c8-39d4-4d8f-98ff-823fe69b080e>
    32	kou <kou@b2dd03c8-39d4-4d8f-98ff-823fe69b080e>
    30	suke <suke@b2dd03c8-39d4-4d8f-98ff-823fe69b080e>
    26	marcandre <marcandre@b2dd03c8-39d4-4d8f-98ff-823fe69b080e>
    26	tenderlove <tenderlove@b2dd03c8-39d4-4d8f-98ff-823fe69b080e>
    15	ktsj <ktsj@b2dd03c8-39d4-4d8f-98ff-823fe69b080e>
    13	akr <akr@b2dd03c8-39d4-4d8f-98ff-823fe69b080e>
    12	aycabta <aycabta@b2dd03c8-39d4-4d8f-98ff-823fe69b080e>
    12	ngoto <ngoto@b2dd03c8-39d4-4d8f-98ff-823fe69b080e>
    10	knu <knu@b2dd03c8-39d4-4d8f-98ff-823fe69b080e>
     6	odaira <odaira@b2dd03c8-39d4-4d8f-98ff-823fe69b080e>
     5	rhe <rhe@b2dd03c8-39d4-4d8f-98ff-823fe69b080e>
     5	shirosaki <shirosaki@b2dd03c8-39d4-4d8f-98ff-823fe69b080e>
     5	shugo <shugo@b2dd03c8-39d4-4d8f-98ff-823fe69b080e>
     4	watson1978 <watson1978@b2dd03c8-39d4-4d8f-98ff-823fe69b080e>
     2	glass <glass@b2dd03c8-39d4-4d8f-98ff-823fe69b080e>
     2	matz <matz@b2dd03c8-39d4-4d8f-98ff-823fe69b080e>
     2	nagachika <nagachika@b2dd03c8-39d4-4d8f-98ff-823fe69b080e>
     2	sorah <sorah@b2dd03c8-39d4-4d8f-98ff-823fe69b080e>
     2	tarui <tarui@b2dd03c8-39d4-4d8f-98ff-823fe69b080e>
     1	a_matsuda <a_matsuda@b2dd03c8-39d4-4d8f-98ff-823fe69b080e>
     1	okkez <okkez@b2dd03c8-39d4-4d8f-98ff-823fe69b080e>
     1	seki <seki@b2dd03c8-39d4-4d8f-98ff-823fe69b080e>
     1	tadd <tadd@b2dd03c8-39d4-4d8f-98ff-823fe69b080e>
     1	yuki <yuki@b2dd03c8-39d4-4d8f-98ff-823fe69b080e>
