  1169	Nobuyoshi Nakada <nobu@ruby-lang.org>
   372	Takashi Kokubun <takashikkbn@gmail.com>
   349	aycabta <aycabta@gmail.com>
   306	Hiroshi SHIBATA <hsbt@ruby-lang.org>
   292	Jeremy Evans <code@jeremyevans.net>
   290	Yusuke Endoh <mame@ruby-lang.org>
   252	nobu <nobu@b2dd03c8-39d4-4d8f-98ff-823fe69b080e>
   233	Kazuhiro NISHIYAMA <zn@mbf.nifty.com>
   229	David Rodríguez <deivid.rodriguez@riseup.net>
   205	git <svn@b2dd03c8-39d4-4d8f-98ff-823fe69b080e>
   177	Koichi Sasada <ko1@atdot.net>
   172	k0kubun <k0kubun@b2dd03c8-39d4-4d8f-98ff-823fe69b080e>
   163	svn <svn@b2dd03c8-39d4-4d8f-98ff-823fe69b080e>
   141	git <svn-admin@ruby-lang.org>
   126	卜部昌平 <shyouhei@ruby-lang.org>
   100	Aaron Patterson <tenderlove@ruby-lang.org>
    88	Benoit Daloze <eregontp@gmail.com>
    75	Samuel Williams <samuel.williams@oriontransfer.co.nz>
    51	bronzdoc <lsagastume1990@gmail.com>
    38	hsbt <hsbt@b2dd03c8-39d4-4d8f-98ff-823fe69b080e>
    36	Urabe, Shyouhei <shyouhei@ruby-lang.org>
    36	tenderlove <tenderlove@b2dd03c8-39d4-4d8f-98ff-823fe69b080e>
    35	ko1 <ko1@b2dd03c8-39d4-4d8f-98ff-823fe69b080e>
    32	NARUSE, Yui <naruse@airemix.jp>
    32	kazu <kazu@b2dd03c8-39d4-4d8f-98ff-823fe69b080e>
    26	Alan Wu <XrXr@users.noreply.github.com>
    22	Kouhei Sutou <kou@clear-code.com>
    21	NAKAMURA Usaku <usa@ruby-lang.org>
    21	eregon <eregon@b2dd03c8-39d4-4d8f-98ff-823fe69b080e>
    19	mrkn <mrkn@b2dd03c8-39d4-4d8f-98ff-823fe69b080e>
    18	manga_osyo <manga.osyo@gmail.com>
    17	Lourens Naudé <lourens@bearmetal.eu>
    16	John Hawthorn <john@hawthorn.email>
    16	mame <mame@b2dd03c8-39d4-4d8f-98ff-823fe69b080e>
    16	zverok <zverok.offline@gmail.com>
    15	Kazuki Tsujimoto <kazuki@callcc.net>
    15	naruse <naruse@b2dd03c8-39d4-4d8f-98ff-823fe69b080e>
    14	MSP-Greg <MSP-Greg@users.noreply.github.com>
    14	duerst <duerst@b2dd03c8-39d4-4d8f-98ff-823fe69b080e>
    14	glass <glass@b2dd03c8-39d4-4d8f-98ff-823fe69b080e>
    13	Jean Boussier <jean.boussier@gmail.com>
    13	Kenichi Kamiya <kachick1@gmail.com>
    13	Marcus Stollsteimer <sto.mar@web.de>
    13	Tanaka Akira <akr@fsij.org>
    10	Alexander Pakulov <apakulov@stripe.com>
    10	ktsj <ktsj@b2dd03c8-39d4-4d8f-98ff-823fe69b080e>
     9	Samuel Giddins <segiddins@segiddins.me>
     9	shyouhei <shyouhei@b2dd03c8-39d4-4d8f-98ff-823fe69b080e>
     8	Aaron Patterson <aaron.patterson@gmail.com>
     8	aycabta <aycabta@b2dd03c8-39d4-4d8f-98ff-823fe69b080e>
     7	Martin Dürst <duerst@it.aoyama.ac.jp>
     7	Masaki Matsushita <glass.saga@gmail.com>
     7	SHIBATA Hiroshi <hsbt@ruby-lang.org>
     6	Josh Cheek <josh.cheek@gmail.com>
     6	Luke Gruber <luke.gru@gmail.com>
     6	Masatoshi SEKI <m_seki@mva.biglobe.ne.jp>
     6	Watson <watson1978@gmail.com>
     6	Yuki Nishijima <yk.nishijima@gmail.com>
     6	sonots <sonots@gmail.com>
     5	kou <kou@b2dd03c8-39d4-4d8f-98ff-823fe69b080e>
     4	Akinori MUSHA <knu@idaemons.org>
     4	Shugo Maeda <shugo@ruby-lang.org>
     4	knu <knu@b2dd03c8-39d4-4d8f-98ff-823fe69b080e>
     4	nagachika <nagachika@ruby-lang.org>
     4	stomar <stomar@b2dd03c8-39d4-4d8f-98ff-823fe69b080e>
     4	usa <usa@b2dd03c8-39d4-4d8f-98ff-823fe69b080e>
     3	Burdette Lamar <BurdetteLamar@Yahoo.com>
     3	Charles Oliver Nutter <headius@headius.com>
     3	Colby Swandale <me@colby.fyi>
     3	Dylan Thacker-Smith <Dylan.Smith@shopify.com>
     3	Espartaco Palma <esparta@gmail.com>
     3	Guillermo Guerrero <wolf.fox1985@gmail.com>
     3	Jun Aruga <junaruga@users.noreply.github.com>
     3	Justin McNally <justin@chowlyinc.com>
     3	Kazuhiro NISHIYAMA <znz@users.noreply.github.com>
     3	Koichi Sasada <ko1@cookpad.com>
     3	Masataka Pocke Kuwabara <kuwabara@pocke.me>
     3	OKURA Masafumi <masafumi.o1988@gmail.com>
     3	Seiei Miyagi <hanachin@gmail.com>
     3	Sutou Kouhei <kou@clear-code.com>
     3	Sutou Kouhei <kou@cozmixng.org>
     3	Yuichiro Kaneko <yui-knk@ruby-lang.org>
     3	marcandre <marcandre@b2dd03c8-39d4-4d8f-98ff-823fe69b080e>
     3	nagachika <nagachika@b2dd03c8-39d4-4d8f-98ff-823fe69b080e>
     2	Adam Cammack <adam_cammack@rapid7.com>
     2	Akira Matsuda <ronnie@dio.jp>
     2	BurdetteLamar <burdettelamar@yahoo.com>
     2	David CARLIER <devnexen@gmail.com>
     2	David Carlier <devnexen@gmail.com>
     2	Dylan Thacker-Smith <dylan.smith@shopify.com>
     2	Florian Frank <flori@ping.de>
     2	Gannon McGibbon <gannon.mcgibbon@gmail.com>
     2	George Claghorn <george@basecamp.com>
     2	Jun Aruga <jaruga@redhat.com>
     2	K.Takata <kentkt@csc.jp>
     2	KOSAKI Motohiro <kosaki.motohiro@gmail.com>
     2	Kenta Murata <mrkn@users.noreply.github.com>
     2	Lars Kanis <lars@greiz-reinsdorf.de>
     2	Maxime Lapointe <hunter_spawn@hotmail.com>
     2	Olivier Lacan <hi@olivierlacan.com>
     2	Sho Hashimoto <sho.hsmt@gmail.com>
     2	Steven Willis <onlynone@gmail.com>
     2	Vít Ondruch <vondruch@redhat.com>
     2	Y. Ushiki <citrus.yubeshi@gmail.com>
     2	f <f@sutty.nl>
     2	mihaibuzgau <mihai.buzgau@puppet.com>
     2	normal <normal@b2dd03c8-39d4-4d8f-98ff-823fe69b080e>
     2	okuramasafumi <masafumi.o1988@gmail.com>
     2	samuel <samuel@b2dd03c8-39d4-4d8f-98ff-823fe69b080e>
     2	shirosaki <shirosaki@b2dd03c8-39d4-4d8f-98ff-823fe69b080e>
     2	wanabe <s.wanabe@gmail.com>
     2	yui-knk <yui-knk@b2dd03c8-39d4-4d8f-98ff-823fe69b080e>
     1	Aaron Patterson <tenderlove@github.com>
     1	Adam Wanninger <ajwann@ajwann.com>
     1	Alfonso Jiménez <me@alfie.cat>
     1	Alyssa Ross <hi@alyssa.is>
     1	Anton Davydov <antondavydov.o@gmail.com>
     1	Antonio Terceiro <asa@terceiro.xyz>
     1	Ary Borenszweig <asterite@gmail.com>
     1	Ben Woosley <ben.woosley@gmail.com>
     1	Breno Leitao <breno.leitao@gmail.com>
     1	Bundlerbot <bot@bundler.io>
     1	Chris Seaton <chris@chrisseaton.com>
     1	Corey Farwell <coreyf@rwell.org>
     1	Daisuke Fujimura (fd0) <booleanlabel@gmail.com>
     1	Daniel Berger <dberger@redhat.com>
     1	Daniel Berger <djberg96@gmail.com>
     1	Daniel Radetsky <dradetsky@gmail.com>
     1	David Stosik <david.stosik+git-noreply@gmail.com>
     1	Dmitry Petrashko <dark@d-d.me>
     1	Eli Sadoff <9064062+snood1205@users.noreply.github.com>
     1	Ellen Marie Dash <the@smallest.dog>
     1	Eric Wong <normal@ruby-lang.org>
     1	FUJI Goro (gfx) <gfuji@cpan.org>
     1	Fangrui Song <i@maskray.me>
     1	Fernando Wolf Bona <bonafernando@gmail.com>
     1	Gabriel Nagy <gabrielnagy@me.com>
     1	Iain Barnett <github@strachanclan.xyz>
     1	Ivo Wever <ivo.wever@gmail.com>
     1	James Clarke <jrtc27@jrtc27.com>
     1	Jean byroot Boussier <jean.boussier+github@shopify.com>
     1	Jesús Burgos Maciá <jburmac@gmail.com>
     1	Jordan Owens <jkowens@gmail.com>
     1	Junichi Ito <jit@sonicgarden.jp>
     1	Justin Collins <justin@presidentbeef.com>
     1	Kevin Deisz <kevin.deisz@gmail.com>
     1	Konstantin Papkovskiy <konstantin@papkovskiy.com>
     1	Lars Kanis <kanis@comcard.de>
     1	Lars Kanis <larskanis@gmail.com>
     1	MSP-Greg (Greg L) <Greg.mpls@gmail.com>
     1	Maciej Mensfeld <maciej@mensfeld.pl>
     1	Mark Abraham <mark.j.abraham@gmail.com>
     1	Masafumi Koba <473530+ybiquitous@users.noreply.github.com>
     1	Masato Ohba <masato.ohba@quipper.com>
     1	Masato Ohba <over.rye@gmail.com>
     1	Matt Valentine-House <matt@eightbitraptor.com>
     1	Miklos Fazekas <mfazekas@szemafor.com>
     1	NagayamaRyoga <38316184+NagayamaRyoga@users.noreply.github.com>
     1	Namrata Bhave <Namrata.Bhave@ibm.com>
     1	Naohisa Goto <ngotogenome@gmail.com>
     1	Neeraj Bhunwal <neeraj.bhunwal@gmail.com>
     1	Nikolai B <nikolai-b@users.noreply.github.com>
     1	Pavel Valena <pvalena@redhat.com>
     1	Paweł Przeniczny <pawel.przeniczny@airhelp.com>
     1	Pocket7878 <poketo7878@gmail.com>
     1	Prajjwal Singh <sin@prajjwal.com>
     1	Rafael Mendonça França <rafaelmfranca@gmail.com>
     1	Rei Odaira <rodaira@us.ibm.com>
     1	Richard Viney <richard.viney@gmail.com>
     1	Rob <mail@robfors.com>
     1	Romain Tartière <romain@blogreen.org>
     1	Scott Tesler <ScottieT123@gmail.com>
     1	Semyon Pupkov <mail@semyonpupkov.com>
     1	Sho Ito <i.sho.0628@gmail.com>
     1	Stefan Schüßler <mail@stefanschuessler.de>
     1	Steven Harman <steven@harmanly.com>
     1	Takayuki Nakata <f.seasons017@gmail.com>
     1	Thomas Leitner <t_leitner@gmx.at>
     1	Tomoki Aonuma <uasi@uasi.jp>
     1	Vít Ondruch <v.ondruch@tiscali.cz>
     1	Will Binns <will@trek.io>
     1	Yaw Boakye <wheresyaw@gmail.com>
     1	Yuki Yugui Sonoda <yugui@yugui.jp>
     1	Zehan Zhao <cnallenzhao@gmail.com>
     1	akr <akr@b2dd03c8-39d4-4d8f-98ff-823fe69b080e>
     1	d0 (Daisuke Fujimura) <booleanlabel@gmail.com>
     1	glaszig <glaszig@gmail.com>
     1	hayashiyoshino <twinklestaryoshino@gmail.com>
     1	headius <headius@b2dd03c8-39d4-4d8f-98ff-823fe69b080e>
     1	iain barnett <iainspeed@gmail.com>
     1	kawa_tech <49791334+kaerunote@users.noreply.github.com>
     1	ksss <co000ri@gmail.com>
     1	lolwut <lol@wut.com>
     1	masakazutakewaka <takewakamma@gmail.com>
     1	ohbarye <over.rye@gmail.com>
     1	osyo-manga <manga.osyo@gmail.com>
     1	pavel <pavel.rosicky@easy.cz>
     1	poloka <greg.howdeshell@gmail.com>
     1	robuye <rulejczyk@gmail.com>
     1	schneems <richard.schneeman+foo@gmail.com>
     1	seki <seki@b2dd03c8-39d4-4d8f-98ff-823fe69b080e>
     1	shugo <shugo@b2dd03c8-39d4-4d8f-98ff-823fe69b080e>
     1	songhuangcn <git@songhuangcn.com>
     1	tadd <tadd@b2dd03c8-39d4-4d8f-98ff-823fe69b080e>
     1	takkanm <takkanm@gmail.com>
     1	thekuwayama <thekuwayama@gmail.com>
     1	tommy <kazu9su@gmail.com>
     1	ujihisa <ujihisa@users.noreply.github.com>
     1	y-yagi <yuuji.yaginuma@gmail.com>
     1	yuuji.yaginuma <yuuji.yaginuma@gmail.com>
     1	Étienne Barrié <etienne.barrie@gmail.com>
