   541	matz <matz@b2dd03c8-39d4-4d8f-98ff-823fe69b080e>
   397	nobu <nobu@b2dd03c8-39d4-4d8f-98ff-823fe69b080e>
   395	eban <eban@b2dd03c8-39d4-4d8f-98ff-823fe69b080e>
   217	knu <knu@b2dd03c8-39d4-4d8f-98ff-823fe69b080e>
   142	aamine <aamine@b2dd03c8-39d4-4d8f-98ff-823fe69b080e>
    88	usa <usa@b2dd03c8-39d4-4d8f-98ff-823fe69b080e>
    68	ttate <ttate@b2dd03c8-39d4-4d8f-98ff-823fe69b080e>
    54	shugo <shugo@b2dd03c8-39d4-4d8f-98ff-823fe69b080e>
    48	akr <akr@b2dd03c8-39d4-4d8f-98ff-823fe69b080e>
    38	wakou <wakou@b2dd03c8-39d4-4d8f-98ff-823fe69b080e>
    26	michal <michal@b2dd03c8-39d4-4d8f-98ff-823fe69b080e>
    17	H_Konishi <H_Konishi@b2dd03c8-39d4-4d8f-98ff-823fe69b080e>
    13	keiju <keiju@b2dd03c8-39d4-4d8f-98ff-823fe69b080e>
    10	akira <akira@b2dd03c8-39d4-4d8f-98ff-823fe69b080e>
    10	nahi <nahi@b2dd03c8-39d4-4d8f-98ff-823fe69b080e>
     7	suke <suke@b2dd03c8-39d4-4d8f-98ff-823fe69b080e>
     7	tadf <tadf@b2dd03c8-39d4-4d8f-98ff-823fe69b080e>
     4	seki <seki@b2dd03c8-39d4-4d8f-98ff-823fe69b080e>
     3	gotoken <gotoken@b2dd03c8-39d4-4d8f-98ff-823fe69b080e>
     3	uema2 <uema2@b2dd03c8-39d4-4d8f-98ff-823fe69b080e>
     2	nagai <nagai@b2dd03c8-39d4-4d8f-98ff-823fe69b080e>
     1	(no author) <(no author)@b2dd03c8-39d4-4d8f-98ff-823fe69b080e>
     1	arai <arai@b2dd03c8-39d4-4d8f-98ff-823fe69b080e>
     1	ts <ts@b2dd03c8-39d4-4d8f-98ff-823fe69b080e>
