   845	matz <matz@b2dd03c8-39d4-4d8f-98ff-823fe69b080e>
   817	nobu <nobu@b2dd03c8-39d4-4d8f-98ff-823fe69b080e>
   749	eban <eban@b2dd03c8-39d4-4d8f-98ff-823fe69b080e>
   272	knu <knu@b2dd03c8-39d4-4d8f-98ff-823fe69b080e>
   227	aamine <aamine@b2dd03c8-39d4-4d8f-98ff-823fe69b080e>
   188	usa <usa@b2dd03c8-39d4-4d8f-98ff-823fe69b080e>
   126	akr <akr@b2dd03c8-39d4-4d8f-98ff-823fe69b080e>
    99	nagai <nagai@b2dd03c8-39d4-4d8f-98ff-823fe69b080e>
    96	nahi <nahi@b2dd03c8-39d4-4d8f-98ff-823fe69b080e>
    77	ttate <ttate@b2dd03c8-39d4-4d8f-98ff-823fe69b080e>
    73	gotoyuzo <gotoyuzo@b2dd03c8-39d4-4d8f-98ff-823fe69b080e>
    73	shugo <shugo@b2dd03c8-39d4-4d8f-98ff-823fe69b080e>
    68	shigek <shigek@b2dd03c8-39d4-4d8f-98ff-823fe69b080e>
    50	dave <dave@b2dd03c8-39d4-4d8f-98ff-823fe69b080e>
    45	why <why@b2dd03c8-39d4-4d8f-98ff-823fe69b080e>
    38	wakou <wakou@b2dd03c8-39d4-4d8f-98ff-823fe69b080e>
    36	gsinclair <gsinclair@b2dd03c8-39d4-4d8f-98ff-823fe69b080e>
    34	seki <seki@b2dd03c8-39d4-4d8f-98ff-823fe69b080e>
    32	michal <michal@b2dd03c8-39d4-4d8f-98ff-823fe69b080e>
    24	ntalbott <ntalbott@b2dd03c8-39d4-4d8f-98ff-823fe69b080e>
    20	akira <akira@b2dd03c8-39d4-4d8f-98ff-823fe69b080e>
    17	H_Konishi <H_Konishi@b2dd03c8-39d4-4d8f-98ff-823fe69b080e>
    17	keiju <keiju@b2dd03c8-39d4-4d8f-98ff-823fe69b080e>
    17	uema2 <uema2@b2dd03c8-39d4-4d8f-98ff-823fe69b080e>
    13	tadf <tadf@b2dd03c8-39d4-4d8f-98ff-823fe69b080e>
    10	suke <suke@b2dd03c8-39d4-4d8f-98ff-823fe69b080e>
     9	ser <ser@b2dd03c8-39d4-4d8f-98ff-823fe69b080e>
     7	katsu <katsu@b2dd03c8-39d4-4d8f-98ff-823fe69b080e>
     5	dblack <dblack@b2dd03c8-39d4-4d8f-98ff-823fe69b080e>
     5	wew <wew@b2dd03c8-39d4-4d8f-98ff-823fe69b080e>
     3	akiyoshi <akiyoshi@b2dd03c8-39d4-4d8f-98ff-823fe69b080e>
     3	gotoken <gotoken@b2dd03c8-39d4-4d8f-98ff-823fe69b080e>
     3	mneumann <mneumann@b2dd03c8-39d4-4d8f-98ff-823fe69b080e>
     1	(no author) <(no author)@b2dd03c8-39d4-4d8f-98ff-823fe69b080e>
     1	arai <arai@b2dd03c8-39d4-4d8f-98ff-823fe69b080e>
     1	ts <ts@b2dd03c8-39d4-4d8f-98ff-823fe69b080e>
