  1148	nobu <nobu@b2dd03c8-39d4-4d8f-98ff-823fe69b080e>
  1049	eban <eban@b2dd03c8-39d4-4d8f-98ff-823fe69b080e>
  1013	matz <matz@b2dd03c8-39d4-4d8f-98ff-823fe69b080e>
   322	aamine <aamine@b2dd03c8-39d4-4d8f-98ff-823fe69b080e>
   305	usa <usa@b2dd03c8-39d4-4d8f-98ff-823fe69b080e>
   277	knu <knu@b2dd03c8-39d4-4d8f-98ff-823fe69b080e>
   222	akr <akr@b2dd03c8-39d4-4d8f-98ff-823fe69b080e>
   188	nagai <nagai@b2dd03c8-39d4-4d8f-98ff-823fe69b080e>
   157	dave <dave@b2dd03c8-39d4-4d8f-98ff-823fe69b080e>
   143	nahi <nahi@b2dd03c8-39d4-4d8f-98ff-823fe69b080e>
   133	gotoyuzo <gotoyuzo@b2dd03c8-39d4-4d8f-98ff-823fe69b080e>
    93	shugo <shugo@b2dd03c8-39d4-4d8f-98ff-823fe69b080e>
    86	ttate <ttate@b2dd03c8-39d4-4d8f-98ff-823fe69b080e>
    82	ocean <ocean@b2dd03c8-39d4-4d8f-98ff-823fe69b080e>
    73	shigek <shigek@b2dd03c8-39d4-4d8f-98ff-823fe69b080e>
    65	why <why@b2dd03c8-39d4-4d8f-98ff-823fe69b080e>
    58	seki <seki@b2dd03c8-39d4-4d8f-98ff-823fe69b080e>
    56	gsinclair <gsinclair@b2dd03c8-39d4-4d8f-98ff-823fe69b080e>
    38	wakou <wakou@b2dd03c8-39d4-4d8f-98ff-823fe69b080e>
    37	michal <michal@b2dd03c8-39d4-4d8f-98ff-823fe69b080e>
    35	kou <kou@b2dd03c8-39d4-4d8f-98ff-823fe69b080e>
    33	akira <akira@b2dd03c8-39d4-4d8f-98ff-823fe69b080e>
    29	ser <ser@b2dd03c8-39d4-4d8f-98ff-823fe69b080e>
    24	ksaito <ksaito@b2dd03c8-39d4-4d8f-98ff-823fe69b080e>
    24	ntalbott <ntalbott@b2dd03c8-39d4-4d8f-98ff-823fe69b080e>
    23	suke <suke@b2dd03c8-39d4-4d8f-98ff-823fe69b080e>
    20	naruse <naruse@b2dd03c8-39d4-4d8f-98ff-823fe69b080e>
    18	keiju <keiju@b2dd03c8-39d4-4d8f-98ff-823fe69b080e>
    18	tadf <tadf@b2dd03c8-39d4-4d8f-98ff-823fe69b080e>
    17	H_Konishi <H_Konishi@b2dd03c8-39d4-4d8f-98ff-823fe69b080e>
    17	dblack <dblack@b2dd03c8-39d4-4d8f-98ff-823fe69b080e>
    17	uema2 <uema2@b2dd03c8-39d4-4d8f-98ff-823fe69b080e>
    14	mneumann <mneumann@b2dd03c8-39d4-4d8f-98ff-823fe69b080e>
     8	katsu <katsu@b2dd03c8-39d4-4d8f-98ff-823fe69b080e>
     6	siena <siena@b2dd03c8-39d4-4d8f-98ff-823fe69b080e>
     5	wew <wew@b2dd03c8-39d4-4d8f-98ff-823fe69b080e>
     3	akiyoshi <akiyoshi@b2dd03c8-39d4-4d8f-98ff-823fe69b080e>
     3	gotoken <gotoken@b2dd03c8-39d4-4d8f-98ff-823fe69b080e>
     1	(no author) <(no author)@b2dd03c8-39d4-4d8f-98ff-823fe69b080e>
     1	arai <arai@b2dd03c8-39d4-4d8f-98ff-823fe69b080e>
     1	ts <ts@b2dd03c8-39d4-4d8f-98ff-823fe69b080e>
