  1479	nobu <nobu@b2dd03c8-39d4-4d8f-98ff-823fe69b080e>
  1261	eban <eban@b2dd03c8-39d4-4d8f-98ff-823fe69b080e>
  1121	matz <matz@b2dd03c8-39d4-4d8f-98ff-823fe69b080e>
   388	usa <usa@b2dd03c8-39d4-4d8f-98ff-823fe69b080e>
   386	aamine <aamine@b2dd03c8-39d4-4d8f-98ff-823fe69b080e>
   374	akr <akr@b2dd03c8-39d4-4d8f-98ff-823fe69b080e>
   290	nagai <nagai@b2dd03c8-39d4-4d8f-98ff-823fe69b080e>
   281	ocean <ocean@b2dd03c8-39d4-4d8f-98ff-823fe69b080e>
   277	knu <knu@b2dd03c8-39d4-4d8f-98ff-823fe69b080e>
   199	gotoyuzo <gotoyuzo@b2dd03c8-39d4-4d8f-98ff-823fe69b080e>
   160	nahi <nahi@b2dd03c8-39d4-4d8f-98ff-823fe69b080e>
   158	dave <dave@b2dd03c8-39d4-4d8f-98ff-823fe69b080e>
   113	shugo <shugo@b2dd03c8-39d4-4d8f-98ff-823fe69b080e>
   107	ttate <ttate@b2dd03c8-39d4-4d8f-98ff-823fe69b080e>
    89	seki <seki@b2dd03c8-39d4-4d8f-98ff-823fe69b080e>
    77	kou <kou@b2dd03c8-39d4-4d8f-98ff-823fe69b080e>
    73	shigek <shigek@b2dd03c8-39d4-4d8f-98ff-823fe69b080e>
    73	why <why@b2dd03c8-39d4-4d8f-98ff-823fe69b080e>
    56	gsinclair <gsinclair@b2dd03c8-39d4-4d8f-98ff-823fe69b080e>
    42	naruse <naruse@b2dd03c8-39d4-4d8f-98ff-823fe69b080e>
    38	suke <suke@b2dd03c8-39d4-4d8f-98ff-823fe69b080e>
    38	wakou <wakou@b2dd03c8-39d4-4d8f-98ff-823fe69b080e>
    37	michal <michal@b2dd03c8-39d4-4d8f-98ff-823fe69b080e>
    36	akira <akira@b2dd03c8-39d4-4d8f-98ff-823fe69b080e>
    33	ksaito <ksaito@b2dd03c8-39d4-4d8f-98ff-823fe69b080e>
    31	ser <ser@b2dd03c8-39d4-4d8f-98ff-823fe69b080e>
    30	keiju <keiju@b2dd03c8-39d4-4d8f-98ff-823fe69b080e>
    25	ntalbott <ntalbott@b2dd03c8-39d4-4d8f-98ff-823fe69b080e>
    20	tadf <tadf@b2dd03c8-39d4-4d8f-98ff-823fe69b080e>
    17	H_Konishi <H_Konishi@b2dd03c8-39d4-4d8f-98ff-823fe69b080e>
    17	dblack <dblack@b2dd03c8-39d4-4d8f-98ff-823fe69b080e>
    17	mneumann <mneumann@b2dd03c8-39d4-4d8f-98ff-823fe69b080e>
    17	uema2 <uema2@b2dd03c8-39d4-4d8f-98ff-823fe69b080e>
     8	katsu <katsu@b2dd03c8-39d4-4d8f-98ff-823fe69b080e>
     6	siena <siena@b2dd03c8-39d4-4d8f-98ff-823fe69b080e>
     5	kosako <kosako@b2dd03c8-39d4-4d8f-98ff-823fe69b080e>
     5	ryan <ryan@b2dd03c8-39d4-4d8f-98ff-823fe69b080e>
     5	wew <wew@b2dd03c8-39d4-4d8f-98ff-823fe69b080e>
     3	akiyoshi <akiyoshi@b2dd03c8-39d4-4d8f-98ff-823fe69b080e>
     3	gotoken <gotoken@b2dd03c8-39d4-4d8f-98ff-823fe69b080e>
     1	(no author) <(no author)@b2dd03c8-39d4-4d8f-98ff-823fe69b080e>
     1	arai <arai@b2dd03c8-39d4-4d8f-98ff-823fe69b080e>
     1	ts <ts@b2dd03c8-39d4-4d8f-98ff-823fe69b080e>
     1	zsombor <zsombor@b2dd03c8-39d4-4d8f-98ff-823fe69b080e>
