  1680	nobu <nobu@b2dd03c8-39d4-4d8f-98ff-823fe69b080e>
  1455	matz <matz@b2dd03c8-39d4-4d8f-98ff-823fe69b080e>
  1357	eban <eban@b2dd03c8-39d4-4d8f-98ff-823fe69b080e>
   493	akr <akr@b2dd03c8-39d4-4d8f-98ff-823fe69b080e>
   468	usa <usa@b2dd03c8-39d4-4d8f-98ff-823fe69b080e>
   406	aamine <aamine@b2dd03c8-39d4-4d8f-98ff-823fe69b080e>
   327	knu <knu@b2dd03c8-39d4-4d8f-98ff-823fe69b080e>
   321	nagai <nagai@b2dd03c8-39d4-4d8f-98ff-823fe69b080e>
   315	ocean <ocean@b2dd03c8-39d4-4d8f-98ff-823fe69b080e>
   219	gotoyuzo <gotoyuzo@b2dd03c8-39d4-4d8f-98ff-823fe69b080e>
   162	nahi <nahi@b2dd03c8-39d4-4d8f-98ff-823fe69b080e>
   158	dave <dave@b2dd03c8-39d4-4d8f-98ff-823fe69b080e>
   120	shugo <shugo@b2dd03c8-39d4-4d8f-98ff-823fe69b080e>
   112	ttate <ttate@b2dd03c8-39d4-4d8f-98ff-823fe69b080e>
    91	seki <seki@b2dd03c8-39d4-4d8f-98ff-823fe69b080e>
    77	kou <kou@b2dd03c8-39d4-4d8f-98ff-823fe69b080e>
    77	why <why@b2dd03c8-39d4-4d8f-98ff-823fe69b080e>
    73	shigek <shigek@b2dd03c8-39d4-4d8f-98ff-823fe69b080e>
    66	suke <suke@b2dd03c8-39d4-4d8f-98ff-823fe69b080e>
    56	gsinclair <gsinclair@b2dd03c8-39d4-4d8f-98ff-823fe69b080e>
    52	naruse <naruse@b2dd03c8-39d4-4d8f-98ff-823fe69b080e>
    43	tadf <tadf@b2dd03c8-39d4-4d8f-98ff-823fe69b080e>
    39	drbrain <drbrain@b2dd03c8-39d4-4d8f-98ff-823fe69b080e>
    38	wakou <wakou@b2dd03c8-39d4-4d8f-98ff-823fe69b080e>
    37	michal <michal@b2dd03c8-39d4-4d8f-98ff-823fe69b080e>
    36	akira <akira@b2dd03c8-39d4-4d8f-98ff-823fe69b080e>
    34	keiju <keiju@b2dd03c8-39d4-4d8f-98ff-823fe69b080e>
    33	ksaito <ksaito@b2dd03c8-39d4-4d8f-98ff-823fe69b080e>
    33	ser <ser@b2dd03c8-39d4-4d8f-98ff-823fe69b080e>
    25	ntalbott <ntalbott@b2dd03c8-39d4-4d8f-98ff-823fe69b080e>
    21	kosako <kosako@b2dd03c8-39d4-4d8f-98ff-823fe69b080e>
    17	H_Konishi <H_Konishi@b2dd03c8-39d4-4d8f-98ff-823fe69b080e>
    17	dblack <dblack@b2dd03c8-39d4-4d8f-98ff-823fe69b080e>
    17	mneumann <mneumann@b2dd03c8-39d4-4d8f-98ff-823fe69b080e>
    17	uema2 <uema2@b2dd03c8-39d4-4d8f-98ff-823fe69b080e>
     9	ryan <ryan@b2dd03c8-39d4-4d8f-98ff-823fe69b080e>
     8	katsu <katsu@b2dd03c8-39d4-4d8f-98ff-823fe69b080e>
     6	siena <siena@b2dd03c8-39d4-4d8f-98ff-823fe69b080e>
     5	wew <wew@b2dd03c8-39d4-4d8f-98ff-823fe69b080e>
     3	akiyoshi <akiyoshi@b2dd03c8-39d4-4d8f-98ff-823fe69b080e>
     3	gotoken <gotoken@b2dd03c8-39d4-4d8f-98ff-823fe69b080e>
     1	(no author) <(no author)@b2dd03c8-39d4-4d8f-98ff-823fe69b080e>
     1	arai <arai@b2dd03c8-39d4-4d8f-98ff-823fe69b080e>
     1	ko1 <ko1@b2dd03c8-39d4-4d8f-98ff-823fe69b080e>
     1	shyouhei <shyouhei@b2dd03c8-39d4-4d8f-98ff-823fe69b080e>
     1	ts <ts@b2dd03c8-39d4-4d8f-98ff-823fe69b080e>
     1	zsombor <zsombor@b2dd03c8-39d4-4d8f-98ff-823fe69b080e>
