  2301	nobu <nobu@b2dd03c8-39d4-4d8f-98ff-823fe69b080e>
  1847	matz <matz@b2dd03c8-39d4-4d8f-98ff-823fe69b080e>
  1386	eban <eban@b2dd03c8-39d4-4d8f-98ff-823fe69b080e>
   985	akr <akr@b2dd03c8-39d4-4d8f-98ff-823fe69b080e>
   609	usa <usa@b2dd03c8-39d4-4d8f-98ff-823fe69b080e>
   444	aamine <aamine@b2dd03c8-39d4-4d8f-98ff-823fe69b080e>
   400	ko1 <ko1@b2dd03c8-39d4-4d8f-98ff-823fe69b080e>
   365	knu <knu@b2dd03c8-39d4-4d8f-98ff-823fe69b080e>
   328	nagai <nagai@b2dd03c8-39d4-4d8f-98ff-823fe69b080e>
   315	ocean <ocean@b2dd03c8-39d4-4d8f-98ff-823fe69b080e>
   249	gotoyuzo <gotoyuzo@b2dd03c8-39d4-4d8f-98ff-823fe69b080e>
   170	nahi <nahi@b2dd03c8-39d4-4d8f-98ff-823fe69b080e>
   158	dave <dave@b2dd03c8-39d4-4d8f-98ff-823fe69b080e>
   144	shugo <shugo@b2dd03c8-39d4-4d8f-98ff-823fe69b080e>
   112	ttate <ttate@b2dd03c8-39d4-4d8f-98ff-823fe69b080e>
   106	suke <suke@b2dd03c8-39d4-4d8f-98ff-823fe69b080e>
    95	kou <kou@b2dd03c8-39d4-4d8f-98ff-823fe69b080e>
    94	seki <seki@b2dd03c8-39d4-4d8f-98ff-823fe69b080e>
    81	why <why@b2dd03c8-39d4-4d8f-98ff-823fe69b080e>
    77	naruse <naruse@b2dd03c8-39d4-4d8f-98ff-823fe69b080e>
    73	drbrain <drbrain@b2dd03c8-39d4-4d8f-98ff-823fe69b080e>
    73	shigek <shigek@b2dd03c8-39d4-4d8f-98ff-823fe69b080e>
    66	tadf <tadf@b2dd03c8-39d4-4d8f-98ff-823fe69b080e>
    56	gsinclair <gsinclair@b2dd03c8-39d4-4d8f-98ff-823fe69b080e>
    45	ser <ser@b2dd03c8-39d4-4d8f-98ff-823fe69b080e>
    43	keiju <keiju@b2dd03c8-39d4-4d8f-98ff-823fe69b080e>
    38	wakou <wakou@b2dd03c8-39d4-4d8f-98ff-823fe69b080e>
    37	akira <akira@b2dd03c8-39d4-4d8f-98ff-823fe69b080e>
    37	michal <michal@b2dd03c8-39d4-4d8f-98ff-823fe69b080e>
    33	ksaito <ksaito@b2dd03c8-39d4-4d8f-98ff-823fe69b080e>
    26	ntalbott <ntalbott@b2dd03c8-39d4-4d8f-98ff-823fe69b080e>
    21	kosako <kosako@b2dd03c8-39d4-4d8f-98ff-823fe69b080e>
    17	H_Konishi <H_Konishi@b2dd03c8-39d4-4d8f-98ff-823fe69b080e>
    17	dblack <dblack@b2dd03c8-39d4-4d8f-98ff-823fe69b080e>
    17	mneumann <mneumann@b2dd03c8-39d4-4d8f-98ff-823fe69b080e>
    17	uema2 <uema2@b2dd03c8-39d4-4d8f-98ff-823fe69b080e>
    12	davidflanagan <davidflanagan@b2dd03c8-39d4-4d8f-98ff-823fe69b080e>
    11	jeg2 <jeg2@b2dd03c8-39d4-4d8f-98ff-823fe69b080e>
    11	ryan <ryan@b2dd03c8-39d4-4d8f-98ff-823fe69b080e>
    10	shyouhei <shyouhei@b2dd03c8-39d4-4d8f-98ff-823fe69b080e>
     9	duerst <duerst@b2dd03c8-39d4-4d8f-98ff-823fe69b080e>
     9	technorama <technorama@b2dd03c8-39d4-4d8f-98ff-823fe69b080e>
     8	katsu <katsu@b2dd03c8-39d4-4d8f-98ff-823fe69b080e>
     6	siena <siena@b2dd03c8-39d4-4d8f-98ff-823fe69b080e>
     5	wew <wew@b2dd03c8-39d4-4d8f-98ff-823fe69b080e>
     3	akiyoshi <akiyoshi@b2dd03c8-39d4-4d8f-98ff-823fe69b080e>
     3	gotoken <gotoken@b2dd03c8-39d4-4d8f-98ff-823fe69b080e>
     2	jim <jim@b2dd03c8-39d4-4d8f-98ff-823fe69b080e>
     1	(no author) <(no author)@b2dd03c8-39d4-4d8f-98ff-823fe69b080e>
     1	arai <arai@b2dd03c8-39d4-4d8f-98ff-823fe69b080e>
     1	ts <ts@b2dd03c8-39d4-4d8f-98ff-823fe69b080e>
     1	zsombor <zsombor@b2dd03c8-39d4-4d8f-98ff-823fe69b080e>
