  3308	nobu <nobu@b2dd03c8-39d4-4d8f-98ff-823fe69b080e>
  2326	matz <matz@b2dd03c8-39d4-4d8f-98ff-823fe69b080e>
  1916	akr <akr@b2dd03c8-39d4-4d8f-98ff-823fe69b080e>
  1398	eban <eban@b2dd03c8-39d4-4d8f-98ff-823fe69b080e>
   886	usa <usa@b2dd03c8-39d4-4d8f-98ff-823fe69b080e>
   532	ko1 <ko1@b2dd03c8-39d4-4d8f-98ff-823fe69b080e>
   470	knu <knu@b2dd03c8-39d4-4d8f-98ff-823fe69b080e>
   448	aamine <aamine@b2dd03c8-39d4-4d8f-98ff-823fe69b080e>
   356	naruse <naruse@b2dd03c8-39d4-4d8f-98ff-823fe69b080e>
   348	nagai <nagai@b2dd03c8-39d4-4d8f-98ff-823fe69b080e>
   315	ocean <ocean@b2dd03c8-39d4-4d8f-98ff-823fe69b080e>
   257	gotoyuzo <gotoyuzo@b2dd03c8-39d4-4d8f-98ff-823fe69b080e>
   250	mame <mame@b2dd03c8-39d4-4d8f-98ff-823fe69b080e>
   192	tadf <tadf@b2dd03c8-39d4-4d8f-98ff-823fe69b080e>
   173	shugo <shugo@b2dd03c8-39d4-4d8f-98ff-823fe69b080e>
   170	nahi <nahi@b2dd03c8-39d4-4d8f-98ff-823fe69b080e>
   168	svn <svn@b2dd03c8-39d4-4d8f-98ff-823fe69b080e>
   158	dave <dave@b2dd03c8-39d4-4d8f-98ff-823fe69b080e>
   155	suke <suke@b2dd03c8-39d4-4d8f-98ff-823fe69b080e>
   138	yugui <yugui@b2dd03c8-39d4-4d8f-98ff-823fe69b080e>
   131	drbrain <drbrain@b2dd03c8-39d4-4d8f-98ff-823fe69b080e>
   112	ttate <ttate@b2dd03c8-39d4-4d8f-98ff-823fe69b080e>
   111	kou <kou@b2dd03c8-39d4-4d8f-98ff-823fe69b080e>
   102	seki <seki@b2dd03c8-39d4-4d8f-98ff-823fe69b080e>
    81	why <why@b2dd03c8-39d4-4d8f-98ff-823fe69b080e>
    73	shigek <shigek@b2dd03c8-39d4-4d8f-98ff-823fe69b080e>
    56	gsinclair <gsinclair@b2dd03c8-39d4-4d8f-98ff-823fe69b080e>
    55	kazu <kazu@b2dd03c8-39d4-4d8f-98ff-823fe69b080e>
    51	keiju <keiju@b2dd03c8-39d4-4d8f-98ff-823fe69b080e>
    46	ser <ser@b2dd03c8-39d4-4d8f-98ff-823fe69b080e>
    44	ryan <ryan@b2dd03c8-39d4-4d8f-98ff-823fe69b080e>
    39	akira <akira@b2dd03c8-39d4-4d8f-98ff-823fe69b080e>
    38	wakou <wakou@b2dd03c8-39d4-4d8f-98ff-823fe69b080e>
    37	michal <michal@b2dd03c8-39d4-4d8f-98ff-823fe69b080e>
    35	duerst <duerst@b2dd03c8-39d4-4d8f-98ff-823fe69b080e>
    33	ksaito <ksaito@b2dd03c8-39d4-4d8f-98ff-823fe69b080e>
    33	xibbar <xibbar@b2dd03c8-39d4-4d8f-98ff-823fe69b080e>
    32	shyouhei <shyouhei@b2dd03c8-39d4-4d8f-98ff-823fe69b080e>
    26	ntalbott <ntalbott@b2dd03c8-39d4-4d8f-98ff-823fe69b080e>
    24	jeg2 <jeg2@b2dd03c8-39d4-4d8f-98ff-823fe69b080e>
    23	kouji <kouji@b2dd03c8-39d4-4d8f-98ff-823fe69b080e>
    21	kosako <kosako@b2dd03c8-39d4-4d8f-98ff-823fe69b080e>
    18	dblack <dblack@b2dd03c8-39d4-4d8f-98ff-823fe69b080e>
    17	H_Konishi <H_Konishi@b2dd03c8-39d4-4d8f-98ff-823fe69b080e>
    17	mneumann <mneumann@b2dd03c8-39d4-4d8f-98ff-823fe69b080e>
    17	uema2 <uema2@b2dd03c8-39d4-4d8f-98ff-823fe69b080e>
    14	wanabe <wanabe@b2dd03c8-39d4-4d8f-98ff-823fe69b080e>
    13	davidflanagan <davidflanagan@b2dd03c8-39d4-4d8f-98ff-823fe69b080e>
    13	technorama <technorama@b2dd03c8-39d4-4d8f-98ff-823fe69b080e>
    10	nari <nari@b2dd03c8-39d4-4d8f-98ff-823fe69b080e>
     8	katsu <katsu@b2dd03c8-39d4-4d8f-98ff-823fe69b080e>
     8	takano32 <takano32@b2dd03c8-39d4-4d8f-98ff-823fe69b080e>
     6	siena <siena@b2dd03c8-39d4-4d8f-98ff-823fe69b080e>
     5	jim <jim@b2dd03c8-39d4-4d8f-98ff-823fe69b080e>
     5	wew <wew@b2dd03c8-39d4-4d8f-98ff-823fe69b080e>
     3	akiyoshi <akiyoshi@b2dd03c8-39d4-4d8f-98ff-823fe69b080e>
     3	gotoken <gotoken@b2dd03c8-39d4-4d8f-98ff-823fe69b080e>
     1	(no author) <(no author)@b2dd03c8-39d4-4d8f-98ff-823fe69b080e>
     1	arai <arai@b2dd03c8-39d4-4d8f-98ff-823fe69b080e>
     1	ts <ts@b2dd03c8-39d4-4d8f-98ff-823fe69b080e>
     1	zsombor <zsombor@b2dd03c8-39d4-4d8f-98ff-823fe69b080e>
