  4593	nobu <nobu@b2dd03c8-39d4-4d8f-98ff-823fe69b080e>
  2525	akr <akr@b2dd03c8-39d4-4d8f-98ff-823fe69b080e>
  2501	matz <matz@b2dd03c8-39d4-4d8f-98ff-823fe69b080e>
  1400	eban <eban@b2dd03c8-39d4-4d8f-98ff-823fe69b080e>
  1038	usa <usa@b2dd03c8-39d4-4d8f-98ff-823fe69b080e>
   599	ko1 <ko1@b2dd03c8-39d4-4d8f-98ff-823fe69b080e>
   548	naruse <naruse@b2dd03c8-39d4-4d8f-98ff-823fe69b080e>
   511	knu <knu@b2dd03c8-39d4-4d8f-98ff-823fe69b080e>
   448	aamine <aamine@b2dd03c8-39d4-4d8f-98ff-823fe69b080e>
   420	svn <svn@b2dd03c8-39d4-4d8f-98ff-823fe69b080e>
   372	nagai <nagai@b2dd03c8-39d4-4d8f-98ff-823fe69b080e>
   315	ocean <ocean@b2dd03c8-39d4-4d8f-98ff-823fe69b080e>
   313	mame <mame@b2dd03c8-39d4-4d8f-98ff-823fe69b080e>
   260	tadf <tadf@b2dd03c8-39d4-4d8f-98ff-823fe69b080e>
   257	gotoyuzo <gotoyuzo@b2dd03c8-39d4-4d8f-98ff-823fe69b080e>
   199	yugui <yugui@b2dd03c8-39d4-4d8f-98ff-823fe69b080e>
   196	shugo <shugo@b2dd03c8-39d4-4d8f-98ff-823fe69b080e>
   180	nahi <nahi@b2dd03c8-39d4-4d8f-98ff-823fe69b080e>
   165	suke <suke@b2dd03c8-39d4-4d8f-98ff-823fe69b080e>
   158	dave <dave@b2dd03c8-39d4-4d8f-98ff-823fe69b080e>
   137	drbrain <drbrain@b2dd03c8-39d4-4d8f-98ff-823fe69b080e>
   126	kou <kou@b2dd03c8-39d4-4d8f-98ff-823fe69b080e>
   112	ttate <ttate@b2dd03c8-39d4-4d8f-98ff-823fe69b080e>
   106	seki <seki@b2dd03c8-39d4-4d8f-98ff-823fe69b080e>
    87	kazu <kazu@b2dd03c8-39d4-4d8f-98ff-823fe69b080e>
    81	why <why@b2dd03c8-39d4-4d8f-98ff-823fe69b080e>
    73	shigek <shigek@b2dd03c8-39d4-4d8f-98ff-823fe69b080e>
    65	marcandre <marcandre@b2dd03c8-39d4-4d8f-98ff-823fe69b080e>
    59	keiju <keiju@b2dd03c8-39d4-4d8f-98ff-823fe69b080e>
    56	gsinclair <gsinclair@b2dd03c8-39d4-4d8f-98ff-823fe69b080e>
    52	ryan <ryan@b2dd03c8-39d4-4d8f-98ff-823fe69b080e>
    50	duerst <duerst@b2dd03c8-39d4-4d8f-98ff-823fe69b080e>
    46	ser <ser@b2dd03c8-39d4-4d8f-98ff-823fe69b080e>
    42	xibbar <xibbar@b2dd03c8-39d4-4d8f-98ff-823fe69b080e>
    39	akira <akira@b2dd03c8-39d4-4d8f-98ff-823fe69b080e>
    38	wakou <wakou@b2dd03c8-39d4-4d8f-98ff-823fe69b080e>
    37	michal <michal@b2dd03c8-39d4-4d8f-98ff-823fe69b080e>
    37	shyouhei <shyouhei@b2dd03c8-39d4-4d8f-98ff-823fe69b080e>
    33	ksaito <ksaito@b2dd03c8-39d4-4d8f-98ff-823fe69b080e>
    33	tenderlove <tenderlove@b2dd03c8-39d4-4d8f-98ff-823fe69b080e>
    32	azav <azav@b2dd03c8-39d4-4d8f-98ff-823fe69b080e>
    30	kouji <kouji@b2dd03c8-39d4-4d8f-98ff-823fe69b080e>
    28	jeg2 <jeg2@b2dd03c8-39d4-4d8f-98ff-823fe69b080e>
    26	ntalbott <ntalbott@b2dd03c8-39d4-4d8f-98ff-823fe69b080e>
    26	wanabe <wanabe@b2dd03c8-39d4-4d8f-98ff-823fe69b080e>
    21	kosako <kosako@b2dd03c8-39d4-4d8f-98ff-823fe69b080e>
    20	takano32 <takano32@b2dd03c8-39d4-4d8f-98ff-823fe69b080e>
    18	dblack <dblack@b2dd03c8-39d4-4d8f-98ff-823fe69b080e>
    17	H_Konishi <H_Konishi@b2dd03c8-39d4-4d8f-98ff-823fe69b080e>
    17	mneumann <mneumann@b2dd03c8-39d4-4d8f-98ff-823fe69b080e>
    17	uema2 <uema2@b2dd03c8-39d4-4d8f-98ff-823fe69b080e>
    16	nari <nari@b2dd03c8-39d4-4d8f-98ff-823fe69b080e>
    15	technorama <technorama@b2dd03c8-39d4-4d8f-98ff-823fe69b080e>
    13	davidflanagan <davidflanagan@b2dd03c8-39d4-4d8f-98ff-823fe69b080e>
     8	katsu <katsu@b2dd03c8-39d4-4d8f-98ff-823fe69b080e>
     6	siena <siena@b2dd03c8-39d4-4d8f-98ff-823fe69b080e>
     5	jim <jim@b2dd03c8-39d4-4d8f-98ff-823fe69b080e>
     5	wew <wew@b2dd03c8-39d4-4d8f-98ff-823fe69b080e>
     4	gotoken <gotoken@b2dd03c8-39d4-4d8f-98ff-823fe69b080e>
     4	kanemoto <kanemoto@b2dd03c8-39d4-4d8f-98ff-823fe69b080e>
     3	akiyoshi <akiyoshi@b2dd03c8-39d4-4d8f-98ff-823fe69b080e>
     1	(no author) <(no author)@b2dd03c8-39d4-4d8f-98ff-823fe69b080e>
     1	arai <arai@b2dd03c8-39d4-4d8f-98ff-823fe69b080e>
     1	ts <ts@b2dd03c8-39d4-4d8f-98ff-823fe69b080e>
     1	zsombor <zsombor@b2dd03c8-39d4-4d8f-98ff-823fe69b080e>
