  5589	nobu <nobu@b2dd03c8-39d4-4d8f-98ff-823fe69b080e>
  2980	akr <akr@b2dd03c8-39d4-4d8f-98ff-823fe69b080e>
  2539	matz <matz@b2dd03c8-39d4-4d8f-98ff-823fe69b080e>
  1403	eban <eban@b2dd03c8-39d4-4d8f-98ff-823fe69b080e>
  1215	usa <usa@b2dd03c8-39d4-4d8f-98ff-823fe69b080e>
   924	naruse <naruse@b2dd03c8-39d4-4d8f-98ff-823fe69b080e>
   724	svn <svn@b2dd03c8-39d4-4d8f-98ff-823fe69b080e>
   636	ko1 <ko1@b2dd03c8-39d4-4d8f-98ff-823fe69b080e>
   545	knu <knu@b2dd03c8-39d4-4d8f-98ff-823fe69b080e>
   497	mame <mame@b2dd03c8-39d4-4d8f-98ff-823fe69b080e>
   448	aamine <aamine@b2dd03c8-39d4-4d8f-98ff-823fe69b080e>
   388	nagai <nagai@b2dd03c8-39d4-4d8f-98ff-823fe69b080e>
   315	ocean <ocean@b2dd03c8-39d4-4d8f-98ff-823fe69b080e>
   280	tadf <tadf@b2dd03c8-39d4-4d8f-98ff-823fe69b080e>
   257	gotoyuzo <gotoyuzo@b2dd03c8-39d4-4d8f-98ff-823fe69b080e>
   220	shugo <shugo@b2dd03c8-39d4-4d8f-98ff-823fe69b080e>
   215	yugui <yugui@b2dd03c8-39d4-4d8f-98ff-823fe69b080e>
   190	nahi <nahi@b2dd03c8-39d4-4d8f-98ff-823fe69b080e>
   180	suke <suke@b2dd03c8-39d4-4d8f-98ff-823fe69b080e>
   167	drbrain <drbrain@b2dd03c8-39d4-4d8f-98ff-823fe69b080e>
   158	dave <dave@b2dd03c8-39d4-4d8f-98ff-823fe69b080e>
   147	kou <kou@b2dd03c8-39d4-4d8f-98ff-823fe69b080e>
   146	kazu <kazu@b2dd03c8-39d4-4d8f-98ff-823fe69b080e>
   133	tenderlove <tenderlove@b2dd03c8-39d4-4d8f-98ff-823fe69b080e>
   128	marcandre <marcandre@b2dd03c8-39d4-4d8f-98ff-823fe69b080e>
   112	ttate <ttate@b2dd03c8-39d4-4d8f-98ff-823fe69b080e>
   109	seki <seki@b2dd03c8-39d4-4d8f-98ff-823fe69b080e>
    81	why <why@b2dd03c8-39d4-4d8f-98ff-823fe69b080e>
    77	shyouhei <shyouhei@b2dd03c8-39d4-4d8f-98ff-823fe69b080e>
    73	shigek <shigek@b2dd03c8-39d4-4d8f-98ff-823fe69b080e>
    67	wanabe <wanabe@b2dd03c8-39d4-4d8f-98ff-823fe69b080e>
    66	ryan <ryan@b2dd03c8-39d4-4d8f-98ff-823fe69b080e>
    65	keiju <keiju@b2dd03c8-39d4-4d8f-98ff-823fe69b080e>
    56	gsinclair <gsinclair@b2dd03c8-39d4-4d8f-98ff-823fe69b080e>
    51	duerst <duerst@b2dd03c8-39d4-4d8f-98ff-823fe69b080e>
    46	azav <azav@b2dd03c8-39d4-4d8f-98ff-823fe69b080e>
    46	ser <ser@b2dd03c8-39d4-4d8f-98ff-823fe69b080e>
    44	xibbar <xibbar@b2dd03c8-39d4-4d8f-98ff-823fe69b080e>
    39	akira <akira@b2dd03c8-39d4-4d8f-98ff-823fe69b080e>
    38	jeg2 <jeg2@b2dd03c8-39d4-4d8f-98ff-823fe69b080e>
    38	wakou <wakou@b2dd03c8-39d4-4d8f-98ff-823fe69b080e>
    37	michal <michal@b2dd03c8-39d4-4d8f-98ff-823fe69b080e>
    33	ksaito <ksaito@b2dd03c8-39d4-4d8f-98ff-823fe69b080e>
    31	mrkn <mrkn@b2dd03c8-39d4-4d8f-98ff-823fe69b080e>
    30	kouji <kouji@b2dd03c8-39d4-4d8f-98ff-823fe69b080e>
    28	kosaki <kosaki@b2dd03c8-39d4-4d8f-98ff-823fe69b080e>
    26	ntalbott <ntalbott@b2dd03c8-39d4-4d8f-98ff-823fe69b080e>
    25	nari <nari@b2dd03c8-39d4-4d8f-98ff-823fe69b080e>
    21	kosako <kosako@b2dd03c8-39d4-4d8f-98ff-823fe69b080e>
    21	takano32 <takano32@b2dd03c8-39d4-4d8f-98ff-823fe69b080e>
    19	tarui <tarui@b2dd03c8-39d4-4d8f-98ff-823fe69b080e>
    18	dblack <dblack@b2dd03c8-39d4-4d8f-98ff-823fe69b080e>
    17	H_Konishi <H_Konishi@b2dd03c8-39d4-4d8f-98ff-823fe69b080e>
    17	mneumann <mneumann@b2dd03c8-39d4-4d8f-98ff-823fe69b080e>
    17	uema2 <uema2@b2dd03c8-39d4-4d8f-98ff-823fe69b080e>
    15	technorama <technorama@b2dd03c8-39d4-4d8f-98ff-823fe69b080e>
    13	davidflanagan <davidflanagan@b2dd03c8-39d4-4d8f-98ff-823fe69b080e>
    11	muraken <muraken@b2dd03c8-39d4-4d8f-98ff-823fe69b080e>
    10	kanemoto <kanemoto@b2dd03c8-39d4-4d8f-98ff-823fe69b080e>
     8	katsu <katsu@b2dd03c8-39d4-4d8f-98ff-823fe69b080e>
     7	arton <arton@b2dd03c8-39d4-4d8f-98ff-823fe69b080e>
     6	siena <siena@b2dd03c8-39d4-4d8f-98ff-823fe69b080e>
     5	jim <jim@b2dd03c8-39d4-4d8f-98ff-823fe69b080e>
     5	wew <wew@b2dd03c8-39d4-4d8f-98ff-823fe69b080e>
     4	gotoken <gotoken@b2dd03c8-39d4-4d8f-98ff-823fe69b080e>
     3	akiyoshi <akiyoshi@b2dd03c8-39d4-4d8f-98ff-823fe69b080e>
     3	evan <evan@b2dd03c8-39d4-4d8f-98ff-823fe69b080e>
     2	luislavena <luislavena@b2dd03c8-39d4-4d8f-98ff-823fe69b080e>
     1	(no author) <(no author)@b2dd03c8-39d4-4d8f-98ff-823fe69b080e>
     1	arai <arai@b2dd03c8-39d4-4d8f-98ff-823fe69b080e>
     1	ts <ts@b2dd03c8-39d4-4d8f-98ff-823fe69b080e>
     1	zsombor <zsombor@b2dd03c8-39d4-4d8f-98ff-823fe69b080e>
