  6172	nobu <nobu@b2dd03c8-39d4-4d8f-98ff-823fe69b080e>
  3249	akr <akr@b2dd03c8-39d4-4d8f-98ff-823fe69b080e>
  2550	matz <matz@b2dd03c8-39d4-4d8f-98ff-823fe69b080e>
  1412	eban <eban@b2dd03c8-39d4-4d8f-98ff-823fe69b080e>
  1353	usa <usa@b2dd03c8-39d4-4d8f-98ff-823fe69b080e>
  1215	naruse <naruse@b2dd03c8-39d4-4d8f-98ff-823fe69b080e>
  1072	svn <svn@b2dd03c8-39d4-4d8f-98ff-823fe69b080e>
   676	ko1 <ko1@b2dd03c8-39d4-4d8f-98ff-823fe69b080e>
   551	knu <knu@b2dd03c8-39d4-4d8f-98ff-823fe69b080e>
   526	mame <mame@b2dd03c8-39d4-4d8f-98ff-823fe69b080e>
   448	aamine <aamine@b2dd03c8-39d4-4d8f-98ff-823fe69b080e>
   396	nagai <nagai@b2dd03c8-39d4-4d8f-98ff-823fe69b080e>
   391	tadf <tadf@b2dd03c8-39d4-4d8f-98ff-823fe69b080e>
   384	drbrain <drbrain@b2dd03c8-39d4-4d8f-98ff-823fe69b080e>
   360	kosaki <kosaki@b2dd03c8-39d4-4d8f-98ff-823fe69b080e>
   315	ocean <ocean@b2dd03c8-39d4-4d8f-98ff-823fe69b080e>
   257	gotoyuzo <gotoyuzo@b2dd03c8-39d4-4d8f-98ff-823fe69b080e>
   241	nahi <nahi@b2dd03c8-39d4-4d8f-98ff-823fe69b080e>
   238	shugo <shugo@b2dd03c8-39d4-4d8f-98ff-823fe69b080e>
   235	yugui <yugui@b2dd03c8-39d4-4d8f-98ff-823fe69b080e>
   218	tenderlove <tenderlove@b2dd03c8-39d4-4d8f-98ff-823fe69b080e>
   198	kazu <kazu@b2dd03c8-39d4-4d8f-98ff-823fe69b080e>
   182	suke <suke@b2dd03c8-39d4-4d8f-98ff-823fe69b080e>
   163	marcandre <marcandre@b2dd03c8-39d4-4d8f-98ff-823fe69b080e>
   158	dave <dave@b2dd03c8-39d4-4d8f-98ff-823fe69b080e>
   156	kou <kou@b2dd03c8-39d4-4d8f-98ff-823fe69b080e>
   113	seki <seki@b2dd03c8-39d4-4d8f-98ff-823fe69b080e>
   112	ttate <ttate@b2dd03c8-39d4-4d8f-98ff-823fe69b080e>
   108	nagachika <nagachika@b2dd03c8-39d4-4d8f-98ff-823fe69b080e>
   107	shyouhei <shyouhei@b2dd03c8-39d4-4d8f-98ff-823fe69b080e>
    94	ryan <ryan@b2dd03c8-39d4-4d8f-98ff-823fe69b080e>
    82	emboss <emboss@b2dd03c8-39d4-4d8f-98ff-823fe69b080e>
    81	why <why@b2dd03c8-39d4-4d8f-98ff-823fe69b080e>
    80	mrkn <mrkn@b2dd03c8-39d4-4d8f-98ff-823fe69b080e>
    75	keiju <keiju@b2dd03c8-39d4-4d8f-98ff-823fe69b080e>
    73	shigek <shigek@b2dd03c8-39d4-4d8f-98ff-823fe69b080e>
    67	wanabe <wanabe@b2dd03c8-39d4-4d8f-98ff-823fe69b080e>
    56	gsinclair <gsinclair@b2dd03c8-39d4-4d8f-98ff-823fe69b080e>
    54	duerst <duerst@b2dd03c8-39d4-4d8f-98ff-823fe69b080e>
    51	sorah <sorah@b2dd03c8-39d4-4d8f-98ff-823fe69b080e>
    46	azav <azav@b2dd03c8-39d4-4d8f-98ff-823fe69b080e>
    46	ser <ser@b2dd03c8-39d4-4d8f-98ff-823fe69b080e>
    46	xibbar <xibbar@b2dd03c8-39d4-4d8f-98ff-823fe69b080e>
    42	jeg2 <jeg2@b2dd03c8-39d4-4d8f-98ff-823fe69b080e>
    39	akira <akira@b2dd03c8-39d4-4d8f-98ff-823fe69b080e>
    38	wakou <wakou@b2dd03c8-39d4-4d8f-98ff-823fe69b080e>
    37	michal <michal@b2dd03c8-39d4-4d8f-98ff-823fe69b080e>
    36	kouji <kouji@b2dd03c8-39d4-4d8f-98ff-823fe69b080e>
    33	ksaito <ksaito@b2dd03c8-39d4-4d8f-98ff-823fe69b080e>
    32	nari <nari@b2dd03c8-39d4-4d8f-98ff-823fe69b080e>
    28	ayumin <ayumin@b2dd03c8-39d4-4d8f-98ff-823fe69b080e>
    26	ntalbott <ntalbott@b2dd03c8-39d4-4d8f-98ff-823fe69b080e>
    24	ktsj <ktsj@b2dd03c8-39d4-4d8f-98ff-823fe69b080e>
    24	tarui <tarui@b2dd03c8-39d4-4d8f-98ff-823fe69b080e>
    22	takano32 <takano32@b2dd03c8-39d4-4d8f-98ff-823fe69b080e>
    21	kosako <kosako@b2dd03c8-39d4-4d8f-98ff-823fe69b080e>
    20	arton <arton@b2dd03c8-39d4-4d8f-98ff-823fe69b080e>
    19	ngoto <ngoto@b2dd03c8-39d4-4d8f-98ff-823fe69b080e>
    18	dblack <dblack@b2dd03c8-39d4-4d8f-98ff-823fe69b080e>
    17	H_Konishi <H_Konishi@b2dd03c8-39d4-4d8f-98ff-823fe69b080e>
    17	mneumann <mneumann@b2dd03c8-39d4-4d8f-98ff-823fe69b080e>
    17	uema2 <uema2@b2dd03c8-39d4-4d8f-98ff-823fe69b080e>
    15	technorama <technorama@b2dd03c8-39d4-4d8f-98ff-823fe69b080e>
    14	kanemoto <kanemoto@b2dd03c8-39d4-4d8f-98ff-823fe69b080e>
    13	davidflanagan <davidflanagan@b2dd03c8-39d4-4d8f-98ff-823fe69b080e>
    11	muraken <muraken@b2dd03c8-39d4-4d8f-98ff-823fe69b080e>
    10	luislavena <luislavena@b2dd03c8-39d4-4d8f-98ff-823fe69b080e>
     8	katsu <katsu@b2dd03c8-39d4-4d8f-98ff-823fe69b080e>
     6	siena <siena@b2dd03c8-39d4-4d8f-98ff-823fe69b080e>
     5	jim <jim@b2dd03c8-39d4-4d8f-98ff-823fe69b080e>
     5	wew <wew@b2dd03c8-39d4-4d8f-98ff-823fe69b080e>
     4	gotoken <gotoken@b2dd03c8-39d4-4d8f-98ff-823fe69b080e>
     3	akiyoshi <akiyoshi@b2dd03c8-39d4-4d8f-98ff-823fe69b080e>
     3	evan <evan@b2dd03c8-39d4-4d8f-98ff-823fe69b080e>
     3	iwamatsu <iwamatsu@b2dd03c8-39d4-4d8f-98ff-823fe69b080e>
     1	(no author) <(no author)@b2dd03c8-39d4-4d8f-98ff-823fe69b080e>
     1	arai <arai@b2dd03c8-39d4-4d8f-98ff-823fe69b080e>
     1	okkez <okkez@b2dd03c8-39d4-4d8f-98ff-823fe69b080e>
     1	shirosaki <shirosaki@b2dd03c8-39d4-4d8f-98ff-823fe69b080e>
     1	ts <ts@b2dd03c8-39d4-4d8f-98ff-823fe69b080e>
     1	zsombor <zsombor@b2dd03c8-39d4-4d8f-98ff-823fe69b080e>
