  7336	nobu <nobu@b2dd03c8-39d4-4d8f-98ff-823fe69b080e>
  3471	akr <akr@b2dd03c8-39d4-4d8f-98ff-823fe69b080e>
  2553	matz <matz@b2dd03c8-39d4-4d8f-98ff-823fe69b080e>
  1608	naruse <naruse@b2dd03c8-39d4-4d8f-98ff-823fe69b080e>
  1512	usa <usa@b2dd03c8-39d4-4d8f-98ff-823fe69b080e>
  1436	svn <svn@b2dd03c8-39d4-4d8f-98ff-823fe69b080e>
  1412	eban <eban@b2dd03c8-39d4-4d8f-98ff-823fe69b080e>
   894	ko1 <ko1@b2dd03c8-39d4-4d8f-98ff-823fe69b080e>
   603	knu <knu@b2dd03c8-39d4-4d8f-98ff-823fe69b080e>
   595	drbrain <drbrain@b2dd03c8-39d4-4d8f-98ff-823fe69b080e>
   536	mame <mame@b2dd03c8-39d4-4d8f-98ff-823fe69b080e>
   496	kosaki <kosaki@b2dd03c8-39d4-4d8f-98ff-823fe69b080e>
   466	tadf <tadf@b2dd03c8-39d4-4d8f-98ff-823fe69b080e>
   448	aamine <aamine@b2dd03c8-39d4-4d8f-98ff-823fe69b080e>
   396	nagai <nagai@b2dd03c8-39d4-4d8f-98ff-823fe69b080e>
   344	shugo <shugo@b2dd03c8-39d4-4d8f-98ff-823fe69b080e>
   315	ocean <ocean@b2dd03c8-39d4-4d8f-98ff-823fe69b080e>
   296	tenderlove <tenderlove@b2dd03c8-39d4-4d8f-98ff-823fe69b080e>
   292	kazu <kazu@b2dd03c8-39d4-4d8f-98ff-823fe69b080e>
   259	yugui <yugui@b2dd03c8-39d4-4d8f-98ff-823fe69b080e>
   257	gotoyuzo <gotoyuzo@b2dd03c8-39d4-4d8f-98ff-823fe69b080e>
   247	nahi <nahi@b2dd03c8-39d4-4d8f-98ff-823fe69b080e>
   235	marcandre <marcandre@b2dd03c8-39d4-4d8f-98ff-823fe69b080e>
   197	kou <kou@b2dd03c8-39d4-4d8f-98ff-823fe69b080e>
   185	suke <suke@b2dd03c8-39d4-4d8f-98ff-823fe69b080e>
   180	nagachika <nagachika@b2dd03c8-39d4-4d8f-98ff-823fe69b080e>
   158	dave <dave@b2dd03c8-39d4-4d8f-98ff-823fe69b080e>
   133	shyouhei <shyouhei@b2dd03c8-39d4-4d8f-98ff-823fe69b080e>
   121	emboss <emboss@b2dd03c8-39d4-4d8f-98ff-823fe69b080e>
   117	seki <seki@b2dd03c8-39d4-4d8f-98ff-823fe69b080e>
   112	ttate <ttate@b2dd03c8-39d4-4d8f-98ff-823fe69b080e>
   103	ryan <ryan@b2dd03c8-39d4-4d8f-98ff-823fe69b080e>
    98	mrkn <mrkn@b2dd03c8-39d4-4d8f-98ff-823fe69b080e>
    89	keiju <keiju@b2dd03c8-39d4-4d8f-98ff-823fe69b080e>
    86	nari <nari@b2dd03c8-39d4-4d8f-98ff-823fe69b080e>
    85	zzak <zzak@b2dd03c8-39d4-4d8f-98ff-823fe69b080e>
    81	why <why@b2dd03c8-39d4-4d8f-98ff-823fe69b080e>
    73	shigek <shigek@b2dd03c8-39d4-4d8f-98ff-823fe69b080e>
    67	wanabe <wanabe@b2dd03c8-39d4-4d8f-98ff-823fe69b080e>
    61	ayumin <ayumin@b2dd03c8-39d4-4d8f-98ff-823fe69b080e>
    61	sorah <sorah@b2dd03c8-39d4-4d8f-98ff-823fe69b080e>
    60	xibbar <xibbar@b2dd03c8-39d4-4d8f-98ff-823fe69b080e>
    57	duerst <duerst@b2dd03c8-39d4-4d8f-98ff-823fe69b080e>
    56	gsinclair <gsinclair@b2dd03c8-39d4-4d8f-98ff-823fe69b080e>
    51	ngoto <ngoto@b2dd03c8-39d4-4d8f-98ff-823fe69b080e>
    51	shirosaki <shirosaki@b2dd03c8-39d4-4d8f-98ff-823fe69b080e>
    50	ktsj <ktsj@b2dd03c8-39d4-4d8f-98ff-823fe69b080e>
    46	azav <azav@b2dd03c8-39d4-4d8f-98ff-823fe69b080e>
    46	ser <ser@b2dd03c8-39d4-4d8f-98ff-823fe69b080e>
    45	jeg2 <jeg2@b2dd03c8-39d4-4d8f-98ff-823fe69b080e>
    43	tarui <tarui@b2dd03c8-39d4-4d8f-98ff-823fe69b080e>
    39	akira <akira@b2dd03c8-39d4-4d8f-98ff-823fe69b080e>
    39	kouji <kouji@b2dd03c8-39d4-4d8f-98ff-823fe69b080e>
    38	wakou <wakou@b2dd03c8-39d4-4d8f-98ff-823fe69b080e>
    37	michal <michal@b2dd03c8-39d4-4d8f-98ff-823fe69b080e>
    33	ksaito <ksaito@b2dd03c8-39d4-4d8f-98ff-823fe69b080e>
    26	ntalbott <ntalbott@b2dd03c8-39d4-4d8f-98ff-823fe69b080e>
    23	luislavena <luislavena@b2dd03c8-39d4-4d8f-98ff-823fe69b080e>
    23	takano32 <takano32@b2dd03c8-39d4-4d8f-98ff-823fe69b080e>
    21	kosako <kosako@b2dd03c8-39d4-4d8f-98ff-823fe69b080e>
    20	arton <arton@b2dd03c8-39d4-4d8f-98ff-823fe69b080e>
    18	dblack <dblack@b2dd03c8-39d4-4d8f-98ff-823fe69b080e>
    18	eregon <eregon@b2dd03c8-39d4-4d8f-98ff-823fe69b080e>
    17	H_Konishi <H_Konishi@b2dd03c8-39d4-4d8f-98ff-823fe69b080e>
    17	mneumann <mneumann@b2dd03c8-39d4-4d8f-98ff-823fe69b080e>
    17	uema2 <uema2@b2dd03c8-39d4-4d8f-98ff-823fe69b080e>
    16	glass <glass@b2dd03c8-39d4-4d8f-98ff-823fe69b080e>
    16	kanemoto <kanemoto@b2dd03c8-39d4-4d8f-98ff-823fe69b080e>
    15	technorama <technorama@b2dd03c8-39d4-4d8f-98ff-823fe69b080e>
    13	davidflanagan <davidflanagan@b2dd03c8-39d4-4d8f-98ff-823fe69b080e>
    11	muraken <muraken@b2dd03c8-39d4-4d8f-98ff-823fe69b080e>
     8	katsu <katsu@b2dd03c8-39d4-4d8f-98ff-823fe69b080e>
     6	siena <siena@b2dd03c8-39d4-4d8f-98ff-823fe69b080e>
     5	charliesome <charliesome@b2dd03c8-39d4-4d8f-98ff-823fe69b080e>
     5	jim <jim@b2dd03c8-39d4-4d8f-98ff-823fe69b080e>
     5	wew <wew@b2dd03c8-39d4-4d8f-98ff-823fe69b080e>
     4	gotoken <gotoken@b2dd03c8-39d4-4d8f-98ff-823fe69b080e>
     3	akiyoshi <akiyoshi@b2dd03c8-39d4-4d8f-98ff-823fe69b080e>
     3	evan <evan@b2dd03c8-39d4-4d8f-98ff-823fe69b080e>
     3	iwamatsu <iwamatsu@b2dd03c8-39d4-4d8f-98ff-823fe69b080e>
     1	(no author) <(no author)@b2dd03c8-39d4-4d8f-98ff-823fe69b080e>
     1	arai <arai@b2dd03c8-39d4-4d8f-98ff-823fe69b080e>
     1	okkez <okkez@b2dd03c8-39d4-4d8f-98ff-823fe69b080e>
     1	ts <ts@b2dd03c8-39d4-4d8f-98ff-823fe69b080e>
     1	zsombor <zsombor@b2dd03c8-39d4-4d8f-98ff-823fe69b080e>
