  8963	nobu <nobu@b2dd03c8-39d4-4d8f-98ff-823fe69b080e>
  4132	akr <akr@b2dd03c8-39d4-4d8f-98ff-823fe69b080e>
  2555	matz <matz@b2dd03c8-39d4-4d8f-98ff-823fe69b080e>
  1873	naruse <naruse@b2dd03c8-39d4-4d8f-98ff-823fe69b080e>
  1801	svn <svn@b2dd03c8-39d4-4d8f-98ff-823fe69b080e>
  1591	usa <usa@b2dd03c8-39d4-4d8f-98ff-823fe69b080e>
  1414	eban <eban@b2dd03c8-39d4-4d8f-98ff-823fe69b080e>
  1287	ko1 <ko1@b2dd03c8-39d4-4d8f-98ff-823fe69b080e>
   778	drbrain <drbrain@b2dd03c8-39d4-4d8f-98ff-823fe69b080e>
   696	knu <knu@b2dd03c8-39d4-4d8f-98ff-823fe69b080e>
   576	kosaki <kosaki@b2dd03c8-39d4-4d8f-98ff-823fe69b080e>
   549	mame <mame@b2dd03c8-39d4-4d8f-98ff-823fe69b080e>
   479	tadf <tadf@b2dd03c8-39d4-4d8f-98ff-823fe69b080e>
   448	aamine <aamine@b2dd03c8-39d4-4d8f-98ff-823fe69b080e>
   428	kazu <kazu@b2dd03c8-39d4-4d8f-98ff-823fe69b080e>
   415	zzak <zzak@b2dd03c8-39d4-4d8f-98ff-823fe69b080e>
   403	nagai <nagai@b2dd03c8-39d4-4d8f-98ff-823fe69b080e>
   381	shugo <shugo@b2dd03c8-39d4-4d8f-98ff-823fe69b080e>
   329	tenderlove <tenderlove@b2dd03c8-39d4-4d8f-98ff-823fe69b080e>
   323	marcandre <marcandre@b2dd03c8-39d4-4d8f-98ff-823fe69b080e>
   315	ocean <ocean@b2dd03c8-39d4-4d8f-98ff-823fe69b080e>
   275	yugui <yugui@b2dd03c8-39d4-4d8f-98ff-823fe69b080e>
   267	kou <kou@b2dd03c8-39d4-4d8f-98ff-823fe69b080e>
   257	gotoyuzo <gotoyuzo@b2dd03c8-39d4-4d8f-98ff-823fe69b080e>
   247	nahi <nahi@b2dd03c8-39d4-4d8f-98ff-823fe69b080e>
   201	nagachika <nagachika@b2dd03c8-39d4-4d8f-98ff-823fe69b080e>
   189	suke <suke@b2dd03c8-39d4-4d8f-98ff-823fe69b080e>
   158	dave <dave@b2dd03c8-39d4-4d8f-98ff-823fe69b080e>
   148	mrkn <mrkn@b2dd03c8-39d4-4d8f-98ff-823fe69b080e>
   134	shyouhei <shyouhei@b2dd03c8-39d4-4d8f-98ff-823fe69b080e>
   127	emboss <emboss@b2dd03c8-39d4-4d8f-98ff-823fe69b080e>
   117	seki <seki@b2dd03c8-39d4-4d8f-98ff-823fe69b080e>
   112	ttate <ttate@b2dd03c8-39d4-4d8f-98ff-823fe69b080e>
   108	nari <nari@b2dd03c8-39d4-4d8f-98ff-823fe69b080e>
   106	ryan <ryan@b2dd03c8-39d4-4d8f-98ff-823fe69b080e>
   103	glass <glass@b2dd03c8-39d4-4d8f-98ff-823fe69b080e>
    91	keiju <keiju@b2dd03c8-39d4-4d8f-98ff-823fe69b080e>
    91	ktsj <ktsj@b2dd03c8-39d4-4d8f-98ff-823fe69b080e>
    88	xibbar <xibbar@b2dd03c8-39d4-4d8f-98ff-823fe69b080e>
    86	tarui <tarui@b2dd03c8-39d4-4d8f-98ff-823fe69b080e>
    81	why <why@b2dd03c8-39d4-4d8f-98ff-823fe69b080e>
    77	charliesome <charliesome@b2dd03c8-39d4-4d8f-98ff-823fe69b080e>
    76	ayumin <ayumin@b2dd03c8-39d4-4d8f-98ff-823fe69b080e>
    75	tmm1 <tmm1@b2dd03c8-39d4-4d8f-98ff-823fe69b080e>
    73	shigek <shigek@b2dd03c8-39d4-4d8f-98ff-823fe69b080e>
    73	sorah <sorah@b2dd03c8-39d4-4d8f-98ff-823fe69b080e>
    67	wanabe <wanabe@b2dd03c8-39d4-4d8f-98ff-823fe69b080e>
    64	shirosaki <shirosaki@b2dd03c8-39d4-4d8f-98ff-823fe69b080e>
    60	duerst <duerst@b2dd03c8-39d4-4d8f-98ff-823fe69b080e>
    60	eregon <eregon@b2dd03c8-39d4-4d8f-98ff-823fe69b080e>
    59	ngoto <ngoto@b2dd03c8-39d4-4d8f-98ff-823fe69b080e>
    56	gsinclair <gsinclair@b2dd03c8-39d4-4d8f-98ff-823fe69b080e>
    48	a_matsuda <a_matsuda@b2dd03c8-39d4-4d8f-98ff-823fe69b080e>
    48	jeg2 <jeg2@b2dd03c8-39d4-4d8f-98ff-823fe69b080e>
    46	azav <azav@b2dd03c8-39d4-4d8f-98ff-823fe69b080e>
    46	ser <ser@b2dd03c8-39d4-4d8f-98ff-823fe69b080e>
    44	kouji <kouji@b2dd03c8-39d4-4d8f-98ff-823fe69b080e>
    39	akira <akira@b2dd03c8-39d4-4d8f-98ff-823fe69b080e>
    38	wakou <wakou@b2dd03c8-39d4-4d8f-98ff-823fe69b080e>
    37	michal <michal@b2dd03c8-39d4-4d8f-98ff-823fe69b080e>
    35	hsbt <hsbt@b2dd03c8-39d4-4d8f-98ff-823fe69b080e>
    33	ksaito <ksaito@b2dd03c8-39d4-4d8f-98ff-823fe69b080e>
    28	takano32 <takano32@b2dd03c8-39d4-4d8f-98ff-823fe69b080e>
    26	ntalbott <ntalbott@b2dd03c8-39d4-4d8f-98ff-823fe69b080e>
    25	luislavena <luislavena@b2dd03c8-39d4-4d8f-98ff-823fe69b080e>
    21	kosako <kosako@b2dd03c8-39d4-4d8f-98ff-823fe69b080e>
    20	arton <arton@b2dd03c8-39d4-4d8f-98ff-823fe69b080e>
    18	dblack <dblack@b2dd03c8-39d4-4d8f-98ff-823fe69b080e>
    17	H_Konishi <H_Konishi@b2dd03c8-39d4-4d8f-98ff-823fe69b080e>
    17	kanemoto <kanemoto@b2dd03c8-39d4-4d8f-98ff-823fe69b080e>
    17	mneumann <mneumann@b2dd03c8-39d4-4d8f-98ff-823fe69b080e>
    17	uema2 <uema2@b2dd03c8-39d4-4d8f-98ff-823fe69b080e>
    15	technorama <technorama@b2dd03c8-39d4-4d8f-98ff-823fe69b080e>
    13	davidflanagan <davidflanagan@b2dd03c8-39d4-4d8f-98ff-823fe69b080e>
    11	muraken <muraken@b2dd03c8-39d4-4d8f-98ff-823fe69b080e>
     8	katsu <katsu@b2dd03c8-39d4-4d8f-98ff-823fe69b080e>
     7	headius <headius@b2dd03c8-39d4-4d8f-98ff-823fe69b080e>
     6	siena <siena@b2dd03c8-39d4-4d8f-98ff-823fe69b080e>
     5	jim <jim@b2dd03c8-39d4-4d8f-98ff-823fe69b080e>
     5	wew <wew@b2dd03c8-39d4-4d8f-98ff-823fe69b080e>
     4	gotoken <gotoken@b2dd03c8-39d4-4d8f-98ff-823fe69b080e>
     3	akiyoshi <akiyoshi@b2dd03c8-39d4-4d8f-98ff-823fe69b080e>
     3	evan <evan@b2dd03c8-39d4-4d8f-98ff-823fe69b080e>
     3	iwamatsu <iwamatsu@b2dd03c8-39d4-4d8f-98ff-823fe69b080e>
     1	(no author) <(no author)@b2dd03c8-39d4-4d8f-98ff-823fe69b080e>
     1	arai <arai@b2dd03c8-39d4-4d8f-98ff-823fe69b080e>
     1	okkez <okkez@b2dd03c8-39d4-4d8f-98ff-823fe69b080e>
     1	ts <ts@b2dd03c8-39d4-4d8f-98ff-823fe69b080e>
     1	zsombor <zsombor@b2dd03c8-39d4-4d8f-98ff-823fe69b080e>
