 10531	nobu <nobu@b2dd03c8-39d4-4d8f-98ff-823fe69b080e>
  4522	akr <akr@b2dd03c8-39d4-4d8f-98ff-823fe69b080e>
  2556	matz <matz@b2dd03c8-39d4-4d8f-98ff-823fe69b080e>
  2246	svn <svn@b2dd03c8-39d4-4d8f-98ff-823fe69b080e>
  2066	naruse <naruse@b2dd03c8-39d4-4d8f-98ff-823fe69b080e>
  1715	usa <usa@b2dd03c8-39d4-4d8f-98ff-823fe69b080e>
  1477	ko1 <ko1@b2dd03c8-39d4-4d8f-98ff-823fe69b080e>
  1414	eban <eban@b2dd03c8-39d4-4d8f-98ff-823fe69b080e>
   793	drbrain <drbrain@b2dd03c8-39d4-4d8f-98ff-823fe69b080e>
   710	knu <knu@b2dd03c8-39d4-4d8f-98ff-823fe69b080e>
   581	kosaki <kosaki@b2dd03c8-39d4-4d8f-98ff-823fe69b080e>
   551	mame <mame@b2dd03c8-39d4-4d8f-98ff-823fe69b080e>
   520	kazu <kazu@b2dd03c8-39d4-4d8f-98ff-823fe69b080e>
   494	zzak <zzak@b2dd03c8-39d4-4d8f-98ff-823fe69b080e>
   486	tadf <tadf@b2dd03c8-39d4-4d8f-98ff-823fe69b080e>
   448	aamine <aamine@b2dd03c8-39d4-4d8f-98ff-823fe69b080e>
   408	nagai <nagai@b2dd03c8-39d4-4d8f-98ff-823fe69b080e>
   388	shugo <shugo@b2dd03c8-39d4-4d8f-98ff-823fe69b080e>
   362	marcandre <marcandre@b2dd03c8-39d4-4d8f-98ff-823fe69b080e>
   347	tenderlove <tenderlove@b2dd03c8-39d4-4d8f-98ff-823fe69b080e>
   315	ocean <ocean@b2dd03c8-39d4-4d8f-98ff-823fe69b080e>
   295	kou <kou@b2dd03c8-39d4-4d8f-98ff-823fe69b080e>
   289	yugui <yugui@b2dd03c8-39d4-4d8f-98ff-823fe69b080e>
   280	hsbt <hsbt@b2dd03c8-39d4-4d8f-98ff-823fe69b080e>
   258	suke <suke@b2dd03c8-39d4-4d8f-98ff-823fe69b080e>
   257	gotoyuzo <gotoyuzo@b2dd03c8-39d4-4d8f-98ff-823fe69b080e>
   247	nahi <nahi@b2dd03c8-39d4-4d8f-98ff-823fe69b080e>
   215	nagachika <nagachika@b2dd03c8-39d4-4d8f-98ff-823fe69b080e>
   194	normal <normal@b2dd03c8-39d4-4d8f-98ff-823fe69b080e>
   158	dave <dave@b2dd03c8-39d4-4d8f-98ff-823fe69b080e>
   153	mrkn <mrkn@b2dd03c8-39d4-4d8f-98ff-823fe69b080e>
   139	shyouhei <shyouhei@b2dd03c8-39d4-4d8f-98ff-823fe69b080e>
   129	emboss <emboss@b2dd03c8-39d4-4d8f-98ff-823fe69b080e>
   124	glass <glass@b2dd03c8-39d4-4d8f-98ff-823fe69b080e>
   121	nari <nari@b2dd03c8-39d4-4d8f-98ff-823fe69b080e>
   117	seki <seki@b2dd03c8-39d4-4d8f-98ff-823fe69b080e>
   115	ktsj <ktsj@b2dd03c8-39d4-4d8f-98ff-823fe69b080e>
   114	duerst <duerst@b2dd03c8-39d4-4d8f-98ff-823fe69b080e>
   112	ttate <ttate@b2dd03c8-39d4-4d8f-98ff-823fe69b080e>
   108	ryan <ryan@b2dd03c8-39d4-4d8f-98ff-823fe69b080e>
    92	keiju <keiju@b2dd03c8-39d4-4d8f-98ff-823fe69b080e>
    90	tarui <tarui@b2dd03c8-39d4-4d8f-98ff-823fe69b080e>
    89	charliesome <charliesome@b2dd03c8-39d4-4d8f-98ff-823fe69b080e>
    89	xibbar <xibbar@b2dd03c8-39d4-4d8f-98ff-823fe69b080e>
    82	ayumin <ayumin@b2dd03c8-39d4-4d8f-98ff-823fe69b080e>
    82	tmm1 <tmm1@b2dd03c8-39d4-4d8f-98ff-823fe69b080e>
    81	sorah <sorah@b2dd03c8-39d4-4d8f-98ff-823fe69b080e>
    81	why <why@b2dd03c8-39d4-4d8f-98ff-823fe69b080e>
    73	shigek <shigek@b2dd03c8-39d4-4d8f-98ff-823fe69b080e>
    72	ngoto <ngoto@b2dd03c8-39d4-4d8f-98ff-823fe69b080e>
    69	eregon <eregon@b2dd03c8-39d4-4d8f-98ff-823fe69b080e>
    68	shirosaki <shirosaki@b2dd03c8-39d4-4d8f-98ff-823fe69b080e>
    67	wanabe <wanabe@b2dd03c8-39d4-4d8f-98ff-823fe69b080e>
    56	gsinclair <gsinclair@b2dd03c8-39d4-4d8f-98ff-823fe69b080e>
    51	jeg2 <jeg2@b2dd03c8-39d4-4d8f-98ff-823fe69b080e>
    49	a_matsuda <a_matsuda@b2dd03c8-39d4-4d8f-98ff-823fe69b080e>
    46	azav <azav@b2dd03c8-39d4-4d8f-98ff-823fe69b080e>
    46	ser <ser@b2dd03c8-39d4-4d8f-98ff-823fe69b080e>
    44	kouji <kouji@b2dd03c8-39d4-4d8f-98ff-823fe69b080e>
    39	akira <akira@b2dd03c8-39d4-4d8f-98ff-823fe69b080e>
    38	wakou <wakou@b2dd03c8-39d4-4d8f-98ff-823fe69b080e>
    37	michal <michal@b2dd03c8-39d4-4d8f-98ff-823fe69b080e>
    33	ksaito <ksaito@b2dd03c8-39d4-4d8f-98ff-823fe69b080e>
    28	takano32 <takano32@b2dd03c8-39d4-4d8f-98ff-823fe69b080e>
    26	ntalbott <ntalbott@b2dd03c8-39d4-4d8f-98ff-823fe69b080e>
    25	luislavena <luislavena@b2dd03c8-39d4-4d8f-98ff-823fe69b080e>
    21	arton <arton@b2dd03c8-39d4-4d8f-98ff-823fe69b080e>
    21	kanemoto <kanemoto@b2dd03c8-39d4-4d8f-98ff-823fe69b080e>
    21	kosako <kosako@b2dd03c8-39d4-4d8f-98ff-823fe69b080e>
    18	dblack <dblack@b2dd03c8-39d4-4d8f-98ff-823fe69b080e>
    17	H_Konishi <H_Konishi@b2dd03c8-39d4-4d8f-98ff-823fe69b080e>
    17	headius <headius@b2dd03c8-39d4-4d8f-98ff-823fe69b080e>
    17	mneumann <mneumann@b2dd03c8-39d4-4d8f-98ff-823fe69b080e>
    17	uema2 <uema2@b2dd03c8-39d4-4d8f-98ff-823fe69b080e>
    15	technorama <technorama@b2dd03c8-39d4-4d8f-98ff-823fe69b080e>
    13	davidflanagan <davidflanagan@b2dd03c8-39d4-4d8f-98ff-823fe69b080e>
    11	muraken <muraken@b2dd03c8-39d4-4d8f-98ff-823fe69b080e>
     8	katsu <katsu@b2dd03c8-39d4-4d8f-98ff-823fe69b080e>
     7	odaira <odaira@b2dd03c8-39d4-4d8f-98ff-823fe69b080e>
     6	siena <siena@b2dd03c8-39d4-4d8f-98ff-823fe69b080e>
     5	jim <jim@b2dd03c8-39d4-4d8f-98ff-823fe69b080e>
     5	wew <wew@b2dd03c8-39d4-4d8f-98ff-823fe69b080e>
     4	gotoken <gotoken@b2dd03c8-39d4-4d8f-98ff-823fe69b080e>
     3	akiyoshi <akiyoshi@b2dd03c8-39d4-4d8f-98ff-823fe69b080e>
     3	evan <evan@b2dd03c8-39d4-4d8f-98ff-823fe69b080e>
     3	hone <hone@b2dd03c8-39d4-4d8f-98ff-823fe69b080e>
     3	iwamatsu <iwamatsu@b2dd03c8-39d4-4d8f-98ff-823fe69b080e>
     1	(no author) <(no author)@b2dd03c8-39d4-4d8f-98ff-823fe69b080e>
     1	arai <arai@b2dd03c8-39d4-4d8f-98ff-823fe69b080e>
     1	okkez <okkez@b2dd03c8-39d4-4d8f-98ff-823fe69b080e>
     1	ts <ts@b2dd03c8-39d4-4d8f-98ff-823fe69b080e>
     1	zsombor <zsombor@b2dd03c8-39d4-4d8f-98ff-823fe69b080e>
