 15065	nobu <nobu@b2dd03c8-39d4-4d8f-98ff-823fe69b080e>
  4732	akr <akr@b2dd03c8-39d4-4d8f-98ff-823fe69b080e>
  3600	svn <svn@b2dd03c8-39d4-4d8f-98ff-823fe69b080e>
  2560	matz <matz@b2dd03c8-39d4-4d8f-98ff-823fe69b080e>
  2545	naruse <naruse@b2dd03c8-39d4-4d8f-98ff-823fe69b080e>
  2180	ko1 <ko1@b2dd03c8-39d4-4d8f-98ff-823fe69b080e>
  2000	usa <usa@b2dd03c8-39d4-4d8f-98ff-823fe69b080e>
  1414	eban <eban@b2dd03c8-39d4-4d8f-98ff-823fe69b080e>
   943	kazu <kazu@b2dd03c8-39d4-4d8f-98ff-823fe69b080e>
   868	hsbt <hsbt@b2dd03c8-39d4-4d8f-98ff-823fe69b080e>
   796	drbrain <drbrain@b2dd03c8-39d4-4d8f-98ff-823fe69b080e>
   759	knu <knu@b2dd03c8-39d4-4d8f-98ff-823fe69b080e>
   684	mame <mame@b2dd03c8-39d4-4d8f-98ff-823fe69b080e>
   633	kosaki <kosaki@b2dd03c8-39d4-4d8f-98ff-823fe69b080e>
   609	normal <normal@b2dd03c8-39d4-4d8f-98ff-823fe69b080e>
   544	shugo <shugo@b2dd03c8-39d4-4d8f-98ff-823fe69b080e>
   518	zzak <zzak@b2dd03c8-39d4-4d8f-98ff-823fe69b080e>
   486	tadf <tadf@b2dd03c8-39d4-4d8f-98ff-823fe69b080e>
   448	aamine <aamine@b2dd03c8-39d4-4d8f-98ff-823fe69b080e>
   413	marcandre <marcandre@b2dd03c8-39d4-4d8f-98ff-823fe69b080e>
   408	nagai <nagai@b2dd03c8-39d4-4d8f-98ff-823fe69b080e>
   401	tenderlove <tenderlove@b2dd03c8-39d4-4d8f-98ff-823fe69b080e>
   331	duerst <duerst@b2dd03c8-39d4-4d8f-98ff-823fe69b080e>
   315	ocean <ocean@b2dd03c8-39d4-4d8f-98ff-823fe69b080e>
   314	kou <kou@b2dd03c8-39d4-4d8f-98ff-823fe69b080e>
   298	yugui <yugui@b2dd03c8-39d4-4d8f-98ff-823fe69b080e>
   282	suke <suke@b2dd03c8-39d4-4d8f-98ff-823fe69b080e>
   273	mrkn <mrkn@b2dd03c8-39d4-4d8f-98ff-823fe69b080e>
   257	gotoyuzo <gotoyuzo@b2dd03c8-39d4-4d8f-98ff-823fe69b080e>
   248	nagachika <nagachika@b2dd03c8-39d4-4d8f-98ff-823fe69b080e>
   247	nahi <nahi@b2dd03c8-39d4-4d8f-98ff-823fe69b080e>
   194	eregon <eregon@b2dd03c8-39d4-4d8f-98ff-823fe69b080e>
   183	shyouhei <shyouhei@b2dd03c8-39d4-4d8f-98ff-823fe69b080e>
   165	glass <glass@b2dd03c8-39d4-4d8f-98ff-823fe69b080e>
   162	ktsj <ktsj@b2dd03c8-39d4-4d8f-98ff-823fe69b080e>
   158	dave <dave@b2dd03c8-39d4-4d8f-98ff-823fe69b080e>
   147	ngoto <ngoto@b2dd03c8-39d4-4d8f-98ff-823fe69b080e>
   141	yui-knk <yui-knk@b2dd03c8-39d4-4d8f-98ff-823fe69b080e>
   140	rhe <rhe@b2dd03c8-39d4-4d8f-98ff-823fe69b080e>
   129	emboss <emboss@b2dd03c8-39d4-4d8f-98ff-823fe69b080e>
   122	seki <seki@b2dd03c8-39d4-4d8f-98ff-823fe69b080e>
   121	nari <nari@b2dd03c8-39d4-4d8f-98ff-823fe69b080e>
   112	sorah <sorah@b2dd03c8-39d4-4d8f-98ff-823fe69b080e>
   112	ttate <ttate@b2dd03c8-39d4-4d8f-98ff-823fe69b080e>
   110	stomar <stomar@b2dd03c8-39d4-4d8f-98ff-823fe69b080e>
   108	ryan <ryan@b2dd03c8-39d4-4d8f-98ff-823fe69b080e>
    94	tarui <tarui@b2dd03c8-39d4-4d8f-98ff-823fe69b080e>
    92	keiju <keiju@b2dd03c8-39d4-4d8f-98ff-823fe69b080e>
    90	ayumin <ayumin@b2dd03c8-39d4-4d8f-98ff-823fe69b080e>
    90	xibbar <xibbar@b2dd03c8-39d4-4d8f-98ff-823fe69b080e>
    89	charliesome <charliesome@b2dd03c8-39d4-4d8f-98ff-823fe69b080e>
    84	a_matsuda <a_matsuda@b2dd03c8-39d4-4d8f-98ff-823fe69b080e>
    83	tmm1 <tmm1@b2dd03c8-39d4-4d8f-98ff-823fe69b080e>
    81	why <why@b2dd03c8-39d4-4d8f-98ff-823fe69b080e>
    73	shigek <shigek@b2dd03c8-39d4-4d8f-98ff-823fe69b080e>
    71	shirosaki <shirosaki@b2dd03c8-39d4-4d8f-98ff-823fe69b080e>
    67	wanabe <wanabe@b2dd03c8-39d4-4d8f-98ff-823fe69b080e>
    65	k0kubun <k0kubun@b2dd03c8-39d4-4d8f-98ff-823fe69b080e>
    56	gsinclair <gsinclair@b2dd03c8-39d4-4d8f-98ff-823fe69b080e>
    52	jeg2 <jeg2@b2dd03c8-39d4-4d8f-98ff-823fe69b080e>
    46	azav <azav@b2dd03c8-39d4-4d8f-98ff-823fe69b080e>
    46	ser <ser@b2dd03c8-39d4-4d8f-98ff-823fe69b080e>
    44	kouji <kouji@b2dd03c8-39d4-4d8f-98ff-823fe69b080e>
    39	akira <akira@b2dd03c8-39d4-4d8f-98ff-823fe69b080e>
    38	wakou <wakou@b2dd03c8-39d4-4d8f-98ff-823fe69b080e>
    37	michal <michal@b2dd03c8-39d4-4d8f-98ff-823fe69b080e>
    36	headius <headius@b2dd03c8-39d4-4d8f-98ff-823fe69b080e>
    36	sonots <sonots@b2dd03c8-39d4-4d8f-98ff-823fe69b080e>
    34	odaira <odaira@b2dd03c8-39d4-4d8f-98ff-823fe69b080e>
    33	ksaito <ksaito@b2dd03c8-39d4-4d8f-98ff-823fe69b080e>
    31	gogotanaka <gogotanaka@b2dd03c8-39d4-4d8f-98ff-823fe69b080e>
    29	takano32 <takano32@b2dd03c8-39d4-4d8f-98ff-823fe69b080e>
    26	ntalbott <ntalbott@b2dd03c8-39d4-4d8f-98ff-823fe69b080e>
    25	luislavena <luislavena@b2dd03c8-39d4-4d8f-98ff-823fe69b080e>
    22	arton <arton@b2dd03c8-39d4-4d8f-98ff-823fe69b080e>
    21	kanemoto <kanemoto@b2dd03c8-39d4-4d8f-98ff-823fe69b080e>
    21	kosako <kosako@b2dd03c8-39d4-4d8f-98ff-823fe69b080e>
    18	dblack <dblack@b2dd03c8-39d4-4d8f-98ff-823fe69b080e>
    17	H_Konishi <H_Konishi@b2dd03c8-39d4-4d8f-98ff-823fe69b080e>
    17	mneumann <mneumann@b2dd03c8-39d4-4d8f-98ff-823fe69b080e>
    17	uema2 <uema2@b2dd03c8-39d4-4d8f-98ff-823fe69b080e>
    15	technorama <technorama@b2dd03c8-39d4-4d8f-98ff-823fe69b080e>
    15	watson1978 <watson1978@b2dd03c8-39d4-4d8f-98ff-823fe69b080e>
    13	davidflanagan <davidflanagan@b2dd03c8-39d4-4d8f-98ff-823fe69b080e>
    11	muraken <muraken@b2dd03c8-39d4-4d8f-98ff-823fe69b080e>
    11	sho-h <sho-h@b2dd03c8-39d4-4d8f-98ff-823fe69b080e>
     8	katsu <katsu@b2dd03c8-39d4-4d8f-98ff-823fe69b080e>
     7	yuki <yuki@b2dd03c8-39d4-4d8f-98ff-823fe69b080e>
     6	siena <siena@b2dd03c8-39d4-4d8f-98ff-823fe69b080e>
     5	jim <jim@b2dd03c8-39d4-4d8f-98ff-823fe69b080e>
     5	wew <wew@b2dd03c8-39d4-4d8f-98ff-823fe69b080e>
     4	gotoken <gotoken@b2dd03c8-39d4-4d8f-98ff-823fe69b080e>
     3	akiyoshi <akiyoshi@b2dd03c8-39d4-4d8f-98ff-823fe69b080e>
     3	evan <evan@b2dd03c8-39d4-4d8f-98ff-823fe69b080e>
     3	hone <hone@b2dd03c8-39d4-4d8f-98ff-823fe69b080e>
     3	iwamatsu <iwamatsu@b2dd03c8-39d4-4d8f-98ff-823fe69b080e>
     3	okkez <okkez@b2dd03c8-39d4-4d8f-98ff-823fe69b080e>
     3	tadd <tadd@b2dd03c8-39d4-4d8f-98ff-823fe69b080e>
     1	(no author) <(no author)@b2dd03c8-39d4-4d8f-98ff-823fe69b080e>
     1	arai <arai@b2dd03c8-39d4-4d8f-98ff-823fe69b080e>
     1	ts <ts@b2dd03c8-39d4-4d8f-98ff-823fe69b080e>
     1	zsombor <zsombor@b2dd03c8-39d4-4d8f-98ff-823fe69b080e>
